  [1m[35m (0.1ms)[0m  [1m[34mSELECT sqlite_version(*)[0m
  ↳ bin/rails:9
  [1m[35m (112.2ms)[0m  [1m[35mCREATE TABLE "schema_migrations" ("version" varchar NOT NULL PRIMARY KEY)[0m
  ↳ bin/rails:9
  [1m[35m (108.2ms)[0m  [1m[35mCREATE TABLE "ar_internal_metadata" ("key" varchar NOT NULL PRIMARY KEY, "value" varchar, "created_at" datetime NOT NULL, "updated_at" datetime NOT NULL)[0m
  ↳ bin/rails:9
  [1m[35m (0.2ms)[0m  [1m[34mSELECT "schema_migrations"."version" FROM "schema_migrations" ORDER BY "schema_migrations"."version" ASC[0m
  ↳ bin/rails:9
Migrating to DeviseCreateUsers (20180920130430)
  [1m[35m (0.1ms)[0m  [1m[36mbegin transaction[0m
  ↳ bin/rails:9
  [1m[35m (1.1ms)[0m  [1m[35mCREATE TABLE "users" ("id" integer PRIMARY KEY AUTOINCREMENT NOT NULL, "email" varchar DEFAULT '' NOT NULL, "encrypted_password" varchar DEFAULT '' NOT NULL, "reset_password_token" varchar, "reset_password_sent_at" datetime, "remember_created_at" datetime, "created_at" datetime NOT NULL, "updated_at" datetime NOT NULL)[0m
  ↳ db/migrate/20180920130430_devise_create_users.rb:5
  [1m[35m (0.3ms)[0m  [1m[35mCREATE UNIQUE INDEX "index_users_on_email" ON "users" ("email")[0m
  ↳ db/migrate/20180920130430_devise_create_users.rb:39
  [1m[35m (0.2ms)[0m  [1m[35mCREATE UNIQUE INDEX "index_users_on_reset_password_token" ON "users" ("reset_password_token")[0m
  ↳ db/migrate/20180920130430_devise_create_users.rb:40
  [1m[36mActiveRecord::SchemaMigration Create (0.2ms)[0m  [1m[32mINSERT INTO "schema_migrations" ("version") VALUES (?)[0m  [["version", "20180920130430"]]
  ↳ bin/rails:9
  [1m[35m (91.4ms)[0m  [1m[36mcommit transaction[0m
  ↳ bin/rails:9
  [1m[36mActiveRecord::InternalMetadata Load (0.6ms)[0m  [1m[34mSELECT  "ar_internal_metadata".* FROM "ar_internal_metadata" WHERE "ar_internal_metadata"."key" = ? LIMIT ?[0m  [["key", "environment"], ["LIMIT", 1]]
  ↳ bin/rails:9
  [1m[35m (0.1ms)[0m  [1m[36mbegin transaction[0m
  ↳ bin/rails:9
  [1m[36mActiveRecord::InternalMetadata Create (0.7ms)[0m  [1m[32mINSERT INTO "ar_internal_metadata" ("key", "value", "created_at", "updated_at") VALUES (?, ?, ?, ?)[0m  [["key", "environment"], ["value", "development"], ["created_at", "2018-09-20 13:04:49.141172"], ["updated_at", "2018-09-20 13:04:49.141172"]]
  ↳ bin/rails:9
  [1m[35m (71.0ms)[0m  [1m[36mcommit transaction[0m
  ↳ bin/rails:9
  [1m[35m (0.5ms)[0m  [1m[34mSELECT "schema_migrations"."version" FROM "schema_migrations" ORDER BY "schema_migrations"."version" ASC[0m
  ↳ bin/rails:9
Started GET "/" for 127.0.0.1 at 2018-09-20 16:05:44 +0300
  [1m[35m (0.3ms)[0m  [1m[34mSELECT "schema_migrations"."version" FROM "schema_migrations" ORDER BY "schema_migrations"."version" ASC[0m
  ↳ /home/getty/.rvm/gems/ruby-2.4.1/gems/activerecord-5.2.1/lib/active_record/log_subscriber.rb:98
Processing by Rails::WelcomeController#index as HTML
  Rendering /home/getty/.rvm/gems/ruby-2.4.1/gems/railties-5.2.1/lib/rails/templates/rails/welcome/index.html.erb
  Rendered /home/getty/.rvm/gems/ruby-2.4.1/gems/railties-5.2.1/lib/rails/templates/rails/welcome/index.html.erb (16.3ms)
Completed 200 OK in 67ms (Views: 46.3ms | ActiveRecord: 0.0ms)


Started GET "/users/sign_in" for 127.0.0.1 at 2018-09-20 16:05:52 +0300
Processing by Devise::SessionsController#new as HTML
  Rendering devise/sessions/new.html.erb within layouts/application
  Rendered devise/shared/_links.html.erb (1.9ms)
  Rendered devise/sessions/new.html.erb within layouts/application (154.1ms)
Completed 200 OK in 867ms (Views: 831.7ms | ActiveRecord: 3.5ms)


Started POST "/users/sign_in" for 127.0.0.1 at 2018-09-20 16:05:56 +0300
Processing by Devise::SessionsController#create as HTML
  Parameters: {"utf8"=>"✓", "authenticity_token"=>"iM1LePlBIObhePfftNY8pKT6RgihGRoWfdPT9aANRvN1z8rFBFMkeh0W/6NiVcLSDjSo9BoiRHa2xKpjBPG4Fg==", "user"=>{"email"=>"admin@admin.com", "password"=>"[FILTERED]", "remember_me"=>"0"}, "commit"=>"Log in"}
  [1m[36mUser Load (0.4ms)[0m  [1m[34mSELECT  "users".* FROM "users" WHERE "users"."email" = ? ORDER BY "users"."id" ASC LIMIT ?[0m  [["email", "admin@admin.com"], ["LIMIT", 1]]
  ↳ /home/getty/.rvm/gems/ruby-2.4.1/gems/activerecord-5.2.1/lib/active_record/log_subscriber.rb:98
Completed 401 Unauthorized in 6ms (ActiveRecord: 0.4ms)


Processing by Devise::SessionsController#new as HTML
  Parameters: {"utf8"=>"✓", "authenticity_token"=>"iM1LePlBIObhePfftNY8pKT6RgihGRoWfdPT9aANRvN1z8rFBFMkeh0W/6NiVcLSDjSo9BoiRHa2xKpjBPG4Fg==", "user"=>{"email"=>"admin@admin.com", "password"=>"[FILTERED]", "remember_me"=>"0"}, "commit"=>"Log in"}
  Rendering devise/sessions/new.html.erb within layouts/application
  Rendered devise/shared/_links.html.erb (0.9ms)
  Rendered devise/sessions/new.html.erb within layouts/application (3.5ms)
Completed 200 OK in 294ms (Views: 19.9ms | ActiveRecord: 0.0ms)


Started GET "/users/sign_up" for 127.0.0.1 at 2018-09-20 16:06:07 +0300
Processing by Devise::RegistrationsController#new as HTML
  Rendering devise/registrations/new.html.erb within layouts/application
  Rendered devise/shared/_links.html.erb (3.0ms)
  Rendered devise/registrations/new.html.erb within layouts/application (12.9ms)
Completed 200 OK in 51ms (Views: 48.1ms | ActiveRecord: 0.0ms)


Started POST "/users" for 127.0.0.1 at 2018-09-20 16:06:17 +0300
Processing by Devise::RegistrationsController#create as HTML
  Parameters: {"utf8"=>"✓", "authenticity_token"=>"U37amdSEiWjh9tT1aiRdEm3X+9RBy6jnIZ7D3tIb54KufFskKZaN9B2Y3Im8p6NkxxkVKPrw9ofqibpIducZZw==", "user"=>{"email"=>"", "password"=>"[FILTERED]", "password_confirmation"=>"[FILTERED]"}, "commit"=>"Sign up"}
  [1m[35m (0.3ms)[0m  [1m[36mbegin transaction[0m
  ↳ /home/getty/.rvm/gems/ruby-2.4.1/gems/activerecord-5.2.1/lib/active_record/log_subscriber.rb:98
  [1m[35m (0.4ms)[0m  [1m[31mrollback transaction[0m
  ↳ /home/getty/.rvm/gems/ruby-2.4.1/gems/activerecord-5.2.1/lib/active_record/log_subscriber.rb:98
  Rendering devise/registrations/new.html.erb within layouts/application
  Rendered devise/shared/_links.html.erb (2.4ms)
  Rendered devise/registrations/new.html.erb within layouts/application (13.3ms)
Completed 200 OK in 135ms (Views: 59.7ms | ActiveRecord: 0.7ms)


Started POST "/users" for 127.0.0.1 at 2018-09-20 16:06:42 +0300
Processing by Devise::RegistrationsController#create as HTML
  Parameters: {"utf8"=>"✓", "authenticity_token"=>"QBu6UPIAauNm9/E9w7ti+VpjkHGzqHcHQ+TDfpnLubm9GTvtDxJuf5qZ+UEVOJyP8K1+jQiTKWeI87roPTdHXA==", "user"=>{"email"=>"linda@lee.com", "password"=>"[FILTERED]", "password_confirmation"=>"[FILTERED]"}, "commit"=>"Sign up"}
  [1m[35m (0.1ms)[0m  [1m[36mbegin transaction[0m
  ↳ /home/getty/.rvm/gems/ruby-2.4.1/gems/activerecord-5.2.1/lib/active_record/log_subscriber.rb:98
  [1m[36mUser Exists (0.2ms)[0m  [1m[34mSELECT  1 AS one FROM "users" WHERE "users"."email" = ? LIMIT ?[0m  [["email", "linda@lee.com"], ["LIMIT", 1]]
  ↳ /home/getty/.rvm/gems/ruby-2.4.1/gems/activerecord-5.2.1/lib/active_record/log_subscriber.rb:98
  [1m[36mUser Create (2.3ms)[0m  [1m[32mINSERT INTO "users" ("email", "encrypted_password", "created_at", "updated_at") VALUES (?, ?, ?, ?)[0m  [["email", "linda@lee.com"], ["encrypted_password", "$2a$11$2fRGHfm/1EV0g9rmtJ9er.TcqeBT1gi1OBLZez.l4RIJD/4cchTsq"], ["created_at", "2018-09-20 13:06:42.594464"], ["updated_at", "2018-09-20 13:06:42.594464"]]
  ↳ /home/getty/.rvm/gems/ruby-2.4.1/gems/activerecord-5.2.1/lib/active_record/log_subscriber.rb:98
  [1m[35m (114.8ms)[0m  [1m[36mcommit transaction[0m
  ↳ /home/getty/.rvm/gems/ruby-2.4.1/gems/activerecord-5.2.1/lib/active_record/log_subscriber.rb:98
Redirected to http://localhost:3000/
Completed 302 Found in 348ms (ActiveRecord: 117.3ms)


Started GET "/" for 127.0.0.1 at 2018-09-20 16:06:42 +0300
Processing by Rails::WelcomeController#index as HTML
  Rendering /home/getty/.rvm/gems/ruby-2.4.1/gems/railties-5.2.1/lib/rails/templates/rails/welcome/index.html.erb
  Rendered /home/getty/.rvm/gems/ruby-2.4.1/gems/railties-5.2.1/lib/rails/templates/rails/welcome/index.html.erb (3.1ms)
Completed 200 OK in 7ms (Views: 4.3ms | ActiveRecord: 0.0ms)


Started GET "/sign_in" for 127.0.0.1 at 2018-09-20 16:06:51 +0300
  
ActionController::RoutingError (No route matches [GET] "/sign_in"):
  
actionpack (5.2.1) lib/action_dispatch/middleware/debug_exceptions.rb:65:in `call'
web-console (3.7.0) lib/web_console/middleware.rb:135:in `call_app'
web-console (3.7.0) lib/web_console/middleware.rb:30:in `block in call'
web-console (3.7.0) lib/web_console/middleware.rb:20:in `catch'
web-console (3.7.0) lib/web_console/middleware.rb:20:in `call'
actionpack (5.2.1) lib/action_dispatch/middleware/show_exceptions.rb:33:in `call'
railties (5.2.1) lib/rails/rack/logger.rb:38:in `call_app'
railties (5.2.1) lib/rails/rack/logger.rb:26:in `block in call'
activesupport (5.2.1) lib/active_support/tagged_logging.rb:71:in `block in tagged'
activesupport (5.2.1) lib/active_support/tagged_logging.rb:28:in `tagged'
activesupport (5.2.1) lib/active_support/tagged_logging.rb:71:in `tagged'
railties (5.2.1) lib/rails/rack/logger.rb:26:in `call'
sprockets-rails (3.2.1) lib/sprockets/rails/quiet_assets.rb:13:in `call'
actionpack (5.2.1) lib/action_dispatch/middleware/remote_ip.rb:81:in `call'
actionpack (5.2.1) lib/action_dispatch/middleware/request_id.rb:27:in `call'
rack (2.0.5) lib/rack/method_override.rb:22:in `call'
rack (2.0.5) lib/rack/runtime.rb:22:in `call'
activesupport (5.2.1) lib/active_support/cache/strategy/local_cache_middleware.rb:29:in `call'
actionpack (5.2.1) lib/action_dispatch/middleware/executor.rb:14:in `call'
actionpack (5.2.1) lib/action_dispatch/middleware/static.rb:127:in `call'
rack (2.0.5) lib/rack/sendfile.rb:111:in `call'
railties (5.2.1) lib/rails/engine.rb:524:in `call'
puma (3.12.0) lib/puma/configuration.rb:225:in `call'
puma (3.12.0) lib/puma/server.rb:658:in `handle_request'
puma (3.12.0) lib/puma/server.rb:472:in `process_client'
puma (3.12.0) lib/puma/server.rb:332:in `block in run'
puma (3.12.0) lib/puma/thread_pool.rb:133:in `block in spawn_thread'
Started GET "/users/sign_in" for 127.0.0.1 at 2018-09-20 16:06:55 +0300
Processing by Devise::SessionsController#new as HTML
  [1m[36mUser Load (0.5ms)[0m  [1m[34mSELECT  "users".* FROM "users" WHERE "users"."id" = ? ORDER BY "users"."id" ASC LIMIT ?[0m  [["id", 1], ["LIMIT", 1]]
  ↳ /home/getty/.rvm/gems/ruby-2.4.1/gems/activerecord-5.2.1/lib/active_record/log_subscriber.rb:98
Redirected to http://localhost:3000/
Filter chain halted as :require_no_authentication rendered or redirected
Completed 302 Found in 6ms (ActiveRecord: 0.5ms)


Started GET "/" for 127.0.0.1 at 2018-09-20 16:06:55 +0300
Processing by Rails::WelcomeController#index as HTML
  Rendering /home/getty/.rvm/gems/ruby-2.4.1/gems/railties-5.2.1/lib/rails/templates/rails/welcome/index.html.erb
  Rendered /home/getty/.rvm/gems/ruby-2.4.1/gems/railties-5.2.1/lib/rails/templates/rails/welcome/index.html.erb (4.1ms)
Completed 200 OK in 8ms (Views: 5.5ms | ActiveRecord: 0.0ms)


Started GET "/users/sign_in" for 127.0.0.1 at 2018-09-20 16:07:05 +0300
Processing by Devise::SessionsController#new as HTML
  [1m[36mUser Load (0.5ms)[0m  [1m[34mSELECT  "users".* FROM "users" WHERE "users"."id" = ? ORDER BY "users"."id" ASC LIMIT ?[0m  [["id", 1], ["LIMIT", 1]]
  ↳ /home/getty/.rvm/gems/ruby-2.4.1/gems/activerecord-5.2.1/lib/active_record/log_subscriber.rb:98
Redirected to http://localhost:3000/
Filter chain halted as :require_no_authentication rendered or redirected
Completed 302 Found in 5ms (ActiveRecord: 0.5ms)


Started GET "/" for 127.0.0.1 at 2018-09-20 16:07:05 +0300
Processing by Rails::WelcomeController#index as HTML
  Rendering /home/getty/.rvm/gems/ruby-2.4.1/gems/railties-5.2.1/lib/rails/templates/rails/welcome/index.html.erb
  Rendered /home/getty/.rvm/gems/ruby-2.4.1/gems/railties-5.2.1/lib/rails/templates/rails/welcome/index.html.erb (4.4ms)
Completed 200 OK in 9ms (Views: 6.6ms | ActiveRecord: 0.0ms)


Started GET "/users/sign_out" for 127.0.0.1 at 2018-09-20 16:07:08 +0300
  
ActionController::RoutingError (No route matches [GET] "/users/sign_out"):
  
actionpack (5.2.1) lib/action_dispatch/middleware/debug_exceptions.rb:65:in `call'
web-console (3.7.0) lib/web_console/middleware.rb:135:in `call_app'
web-console (3.7.0) lib/web_console/middleware.rb:30:in `block in call'
web-console (3.7.0) lib/web_console/middleware.rb:20:in `catch'
web-console (3.7.0) lib/web_console/middleware.rb:20:in `call'
actionpack (5.2.1) lib/action_dispatch/middleware/show_exceptions.rb:33:in `call'
railties (5.2.1) lib/rails/rack/logger.rb:38:in `call_app'
railties (5.2.1) lib/rails/rack/logger.rb:26:in `block in call'
activesupport (5.2.1) lib/active_support/tagged_logging.rb:71:in `block in tagged'
activesupport (5.2.1) lib/active_support/tagged_logging.rb:28:in `tagged'
activesupport (5.2.1) lib/active_support/tagged_logging.rb:71:in `tagged'
railties (5.2.1) lib/rails/rack/logger.rb:26:in `call'
sprockets-rails (3.2.1) lib/sprockets/rails/quiet_assets.rb:13:in `call'
actionpack (5.2.1) lib/action_dispatch/middleware/remote_ip.rb:81:in `call'
actionpack (5.2.1) lib/action_dispatch/middleware/request_id.rb:27:in `call'
rack (2.0.5) lib/rack/method_override.rb:22:in `call'
rack (2.0.5) lib/rack/runtime.rb:22:in `call'
activesupport (5.2.1) lib/active_support/cache/strategy/local_cache_middleware.rb:29:in `call'
actionpack (5.2.1) lib/action_dispatch/middleware/executor.rb:14:in `call'
actionpack (5.2.1) lib/action_dispatch/middleware/static.rb:127:in `call'
rack (2.0.5) lib/rack/sendfile.rb:111:in `call'
railties (5.2.1) lib/rails/engine.rb:524:in `call'
puma (3.12.0) lib/puma/configuration.rb:225:in `call'
puma (3.12.0) lib/puma/server.rb:658:in `handle_request'
puma (3.12.0) lib/puma/server.rb:472:in `process_client'
puma (3.12.0) lib/puma/server.rb:332:in `block in run'
puma (3.12.0) lib/puma/thread_pool.rb:133:in `block in spawn_thread'
Started GET "/" for 127.0.0.1 at 2018-09-20 16:11:01 +0300
Processing by Rails::WelcomeController#index as HTML
  Rendering /home/getty/.rvm/gems/ruby-2.4.1/gems/railties-5.2.1/lib/rails/templates/rails/welcome/index.html.erb
  Rendered /home/getty/.rvm/gems/ruby-2.4.1/gems/railties-5.2.1/lib/rails/templates/rails/welcome/index.html.erb (6.8ms)
Completed 200 OK in 14ms (Views: 11.4ms | ActiveRecord: 0.0ms)


Started GET "/" for 127.0.0.1 at 2018-09-20 16:11:08 +0300
Processing by Rails::WelcomeController#index as HTML
  Rendering /home/getty/.rvm/gems/ruby-2.4.1/gems/railties-5.2.1/lib/rails/templates/rails/welcome/index.html.erb
  Rendered /home/getty/.rvm/gems/ruby-2.4.1/gems/railties-5.2.1/lib/rails/templates/rails/welcome/index.html.erb (4.0ms)
Completed 200 OK in 9ms (Views: 5.7ms | ActiveRecord: 0.0ms)


  [1m[35m (0.2ms)[0m  [1m[34mSELECT "schema_migrations"."version" FROM "schema_migrations" ORDER BY "schema_migrations"."version" ASC[0m
  ↳ bin/rails:9
Migrating to CreateContacts (20180920132032)
  [1m[35m (0.1ms)[0m  [1m[36mbegin transaction[0m
  ↳ bin/rails:9
  [1m[35m (0.1ms)[0m  [1m[34mSELECT sqlite_version(*)[0m
  ↳ db/migrate/20180920132032_create_contacts.rb:3
  [1m[35m (0.3ms)[0m  [1m[35mCREATE TABLE "contacts" ("id" integer PRIMARY KEY AUTOINCREMENT NOT NULL, "first_name" varchar, "last_name" varchar, "phonenumber" varchar, "created_at" datetime NOT NULL, "updated_at" datetime NOT NULL)[0m
  ↳ db/migrate/20180920132032_create_contacts.rb:3
  [1m[36mActiveRecord::SchemaMigration Create (0.2ms)[0m  [1m[32mINSERT INTO "schema_migrations" ("version") VALUES (?)[0m  [["version", "20180920132032"]]
  ↳ bin/rails:9
  [1m[35m (104.8ms)[0m  [1m[36mcommit transaction[0m
  ↳ bin/rails:9
  [1m[36mActiveRecord::InternalMetadata Load (0.4ms)[0m  [1m[34mSELECT  "ar_internal_metadata".* FROM "ar_internal_metadata" WHERE "ar_internal_metadata"."key" = ? LIMIT ?[0m  [["key", "environment"], ["LIMIT", 1]]
  ↳ bin/rails:9
  [1m[35m (0.1ms)[0m  [1m[36mbegin transaction[0m
  ↳ bin/rails:9
  [1m[35m (0.1ms)[0m  [1m[36mcommit transaction[0m
  ↳ bin/rails:9
  [1m[35m (0.2ms)[0m  [1m[34mSELECT "schema_migrations"."version" FROM "schema_migrations" ORDER BY "schema_migrations"."version" ASC[0m
  ↳ bin/rails:9
  [1m[35m (0.1ms)[0m  [1m[34mSELECT "schema_migrations"."version" FROM "schema_migrations" ORDER BY "schema_migrations"."version" ASC[0m
  ↳ bin/rails:9
Migrating to AddUserToContact (20180920132335)
  [1m[35m (0.1ms)[0m  [1m[36mbegin transaction[0m
  ↳ bin/rails:9
  [1m[35m (0.3ms)[0m  [1m[35mALTER TABLE "contacts" ADD "user_id" integer[0m
  ↳ db/migrate/20180920132335_add_user_to_contact.rb:3
  [1m[35m (0.1ms)[0m  [1m[34mSELECT sqlite_version(*)[0m
  ↳ db/migrate/20180920132335_add_user_to_contact.rb:3
  [1m[35m (0.3ms)[0m  [1m[35mCREATE  INDEX "index_contacts_on_user_id" ON "contacts" ("user_id")[0m
  ↳ db/migrate/20180920132335_add_user_to_contact.rb:3
  [1m[36mActiveRecord::SchemaMigration Create (0.2ms)[0m  [1m[32mINSERT INTO "schema_migrations" ("version") VALUES (?)[0m  [["version", "20180920132335"]]
  ↳ bin/rails:9
  [1m[35m (105.3ms)[0m  [1m[36mcommit transaction[0m
  ↳ bin/rails:9
  [1m[36mActiveRecord::InternalMetadata Load (0.5ms)[0m  [1m[34mSELECT  "ar_internal_metadata".* FROM "ar_internal_metadata" WHERE "ar_internal_metadata"."key" = ? LIMIT ?[0m  [["key", "environment"], ["LIMIT", 1]]
  ↳ bin/rails:9
  [1m[35m (0.2ms)[0m  [1m[36mbegin transaction[0m
  ↳ bin/rails:9
  [1m[35m (0.1ms)[0m  [1m[36mcommit transaction[0m
  ↳ bin/rails:9
  [1m[35m (0.3ms)[0m  [1m[34mSELECT "schema_migrations"."version" FROM "schema_migrations" ORDER BY "schema_migrations"."version" ASC[0m
  ↳ bin/rails:9
  [1m[35m (0.3ms)[0m  [1m[34mSELECT "schema_migrations"."version" FROM "schema_migrations" ORDER BY "schema_migrations"."version" ASC[0m
  ↳ bin/rails:9
  [1m[36mActiveRecord::InternalMetadata Load (0.3ms)[0m  [1m[34mSELECT  "ar_internal_metadata".* FROM "ar_internal_metadata" WHERE "ar_internal_metadata"."key" = ? LIMIT ?[0m  [["key", "environment"], ["LIMIT", 1]]
  ↳ bin/rails:9
  [1m[35m (0.1ms)[0m  [1m[36mbegin transaction[0m
  ↳ bin/rails:9
  [1m[35m (0.1ms)[0m  [1m[36mcommit transaction[0m
  ↳ bin/rails:9
  [1m[35m (0.1ms)[0m  [1m[34mSELECT "schema_migrations"."version" FROM "schema_migrations" ORDER BY "schema_migrations"."version" ASC[0m
  ↳ bin/rails:9
  [1m[35m (0.3ms)[0m  [1m[34mSELECT "schema_migrations"."version" FROM "schema_migrations" ORDER BY "schema_migrations"."version" ASC[0m
  ↳ bin/rails:9
  [1m[35m (0.3ms)[0m  [1m[34mSELECT "ar_internal_metadata"."value" FROM "ar_internal_metadata" WHERE "ar_internal_metadata"."key" = ?[0m  [["key", "environment"]]
  ↳ bin/rails:9
  [1m[35m (0.1ms)[0m  [1m[34mSELECT "schema_migrations"."version" FROM "schema_migrations" ORDER BY "schema_migrations"."version" ASC[0m
  ↳ bin/rails:9
  [1m[35m (0.1ms)[0m  [1m[34mSELECT "ar_internal_metadata"."value" FROM "ar_internal_metadata" WHERE "ar_internal_metadata"."key" = ?[0m  [["key", "environment"]]
  ↳ bin/rails:9
  [1m[35m (0.2ms)[0m  [1m[34mSELECT "schema_migrations"."version" FROM "schema_migrations" ORDER BY "schema_migrations"."version" ASC[0m
  ↳ bin/rails:9
  [1m[35m (0.1ms)[0m  [1m[34mSELECT "ar_internal_metadata"."value" FROM "ar_internal_metadata" WHERE "ar_internal_metadata"."key" = ?[0m  [["key", "environment"]]
  ↳ bin/rails:9
  [1m[35m (0.1ms)[0m  [1m[34mSELECT sqlite_version(*)[0m
  ↳ bin/rails:9
  [1m[35m (88.9ms)[0m  [1m[35mCREATE TABLE "schema_migrations" ("version" varchar NOT NULL PRIMARY KEY)[0m
  ↳ bin/rails:9
  [1m[35m (86.8ms)[0m  [1m[35mCREATE TABLE "ar_internal_metadata" ("key" varchar NOT NULL PRIMARY KEY, "value" varchar, "created_at" datetime NOT NULL, "updated_at" datetime NOT NULL)[0m
  ↳ bin/rails:9
  [1m[35m (0.4ms)[0m  [1m[34mSELECT "schema_migrations"."version" FROM "schema_migrations" ORDER BY "schema_migrations"."version" ASC[0m
  ↳ bin/rails:9
Migrating to DeviseCreateUsers (20180920130430)
  [1m[35m (0.2ms)[0m  [1m[36mbegin transaction[0m
  ↳ bin/rails:9
  [1m[35m (1.3ms)[0m  [1m[35mCREATE TABLE "users" ("id" integer PRIMARY KEY AUTOINCREMENT NOT NULL, "email" varchar DEFAULT '' NOT NULL, "encrypted_password" varchar DEFAULT '' NOT NULL, "reset_password_token" varchar, "reset_password_sent_at" datetime, "remember_created_at" datetime, "created_at" datetime NOT NULL, "updated_at" datetime NOT NULL)[0m
  ↳ db/migrate/20180920130430_devise_create_users.rb:5
  [1m[35m (0.7ms)[0m  [1m[35mCREATE UNIQUE INDEX "index_users_on_email" ON "users" ("email")[0m
  ↳ db/migrate/20180920130430_devise_create_users.rb:39
  [1m[35m (0.4ms)[0m  [1m[35mCREATE UNIQUE INDEX "index_users_on_reset_password_token" ON "users" ("reset_password_token")[0m
  ↳ db/migrate/20180920130430_devise_create_users.rb:40
  [1m[36mActiveRecord::SchemaMigration Create (0.4ms)[0m  [1m[32mINSERT INTO "schema_migrations" ("version") VALUES (?)[0m  [["version", "20180920130430"]]
  ↳ bin/rails:9
  [1m[35m (110.1ms)[0m  [1m[36mcommit transaction[0m
  ↳ bin/rails:9
Migrating to CreateContacts (20180920132032)
  [1m[35m (0.1ms)[0m  [1m[36mbegin transaction[0m
  ↳ bin/rails:9
  [1m[35m (0.6ms)[0m  [1m[35mCREATE TABLE "contacts" ("id" integer PRIMARY KEY AUTOINCREMENT NOT NULL, "name" varchar, "phonenumber" varchar, "created_at" datetime NOT NULL, "updated_at" datetime NOT NULL)[0m
  ↳ db/migrate/20180920132032_create_contacts.rb:3
  [1m[36mActiveRecord::SchemaMigration Create (0.2ms)[0m  [1m[32mINSERT INTO "schema_migrations" ("version") VALUES (?)[0m  [["version", "20180920132032"]]
  ↳ bin/rails:9
  [1m[35m (114.2ms)[0m  [1m[36mcommit transaction[0m
  ↳ bin/rails:9
Migrating to AddUserToContact (20180920132335)
  [1m[35m (0.2ms)[0m  [1m[36mbegin transaction[0m
  ↳ bin/rails:9
  [1m[35m (0.8ms)[0m  [1m[35mALTER TABLE "contacts" ADD "user_id" integer[0m
  ↳ db/migrate/20180920132335_add_user_to_contact.rb:3
  [1m[35m (0.5ms)[0m  [1m[35mCREATE  INDEX "index_contacts_on_user_id" ON "contacts" ("user_id")[0m
  ↳ db/migrate/20180920132335_add_user_to_contact.rb:3
  [1m[36mActiveRecord::SchemaMigration Create (0.3ms)[0m  [1m[32mINSERT INTO "schema_migrations" ("version") VALUES (?)[0m  [["version", "20180920132335"]]
  ↳ bin/rails:9
  [1m[35m (122.6ms)[0m  [1m[36mcommit transaction[0m
  ↳ bin/rails:9
  [1m[36mActiveRecord::InternalMetadata Load (0.5ms)[0m  [1m[34mSELECT  "ar_internal_metadata".* FROM "ar_internal_metadata" WHERE "ar_internal_metadata"."key" = ? LIMIT ?[0m  [["key", "environment"], ["LIMIT", 1]]
  ↳ bin/rails:9
  [1m[35m (0.2ms)[0m  [1m[36mbegin transaction[0m
  ↳ bin/rails:9
  [1m[36mActiveRecord::InternalMetadata Create (0.7ms)[0m  [1m[32mINSERT INTO "ar_internal_metadata" ("key", "value", "created_at", "updated_at") VALUES (?, ?, ?, ?)[0m  [["key", "environment"], ["value", "development"], ["created_at", "2018-09-20 13:47:24.428229"], ["updated_at", "2018-09-20 13:47:24.428229"]]
  ↳ bin/rails:9
  [1m[35m (78.6ms)[0m  [1m[36mcommit transaction[0m
  ↳ bin/rails:9
  [1m[35m (0.4ms)[0m  [1m[34mSELECT "schema_migrations"."version" FROM "schema_migrations" ORDER BY "schema_migrations"."version" ASC[0m
  ↳ bin/rails:9
  [1m[35m (0.1ms)[0m  [1m[34mSELECT "schema_migrations"."version" FROM "schema_migrations" ORDER BY "schema_migrations"."version" ASC[0m
  ↳ bin/rails:9
  [1m[35m (0.2ms)[0m  [1m[34mSELECT "ar_internal_metadata"."value" FROM "ar_internal_metadata" WHERE "ar_internal_metadata"."key" = ?[0m  [["key", "environment"]]
  ↳ bin/rails:9
  [1m[35m (0.1ms)[0m  [1m[34mSELECT "schema_migrations"."version" FROM "schema_migrations" ORDER BY "schema_migrations"."version" ASC[0m
  ↳ bin/rails:9
  [1m[35m (0.1ms)[0m  [1m[34mSELECT "ar_internal_metadata"."value" FROM "ar_internal_metadata" WHERE "ar_internal_metadata"."key" = ?[0m  [["key", "environment"]]
  ↳ bin/rails:9
  [1m[35m (0.1ms)[0m  [1m[34mSELECT "schema_migrations"."version" FROM "schema_migrations" ORDER BY "schema_migrations"."version" ASC[0m
  ↳ bin/rails:9
  [1m[35m (0.1ms)[0m  [1m[34mSELECT "ar_internal_metadata"."value" FROM "ar_internal_metadata" WHERE "ar_internal_metadata"."key" = ?[0m  [["key", "environment"]]
  ↳ bin/rails:9
  [1m[35m (0.1ms)[0m  [1m[34mSELECT sqlite_version(*)[0m
  ↳ bin/rails:9
  [1m[35m (102.9ms)[0m  [1m[35mCREATE TABLE "schema_migrations" ("version" varchar NOT NULL PRIMARY KEY)[0m
  ↳ bin/rails:9
  [1m[35m (97.2ms)[0m  [1m[35mCREATE TABLE "ar_internal_metadata" ("key" varchar NOT NULL PRIMARY KEY, "value" varchar, "created_at" datetime NOT NULL, "updated_at" datetime NOT NULL)[0m
  ↳ bin/rails:9
  [1m[35m (0.5ms)[0m  [1m[34mSELECT "schema_migrations"."version" FROM "schema_migrations" ORDER BY "schema_migrations"."version" ASC[0m
  ↳ bin/rails:9
Migrating to DeviseCreateUsers (20180920130430)
  [1m[35m (0.1ms)[0m  [1m[36mbegin transaction[0m
  ↳ bin/rails:9
  [1m[35m (1.2ms)[0m  [1m[35mCREATE TABLE "users" ("id" integer PRIMARY KEY AUTOINCREMENT NOT NULL, "email" varchar DEFAULT '' NOT NULL, "encrypted_password" varchar DEFAULT '' NOT NULL, "reset_password_token" varchar, "reset_password_sent_at" datetime, "remember_created_at" datetime, "created_at" datetime NOT NULL, "updated_at" datetime NOT NULL)[0m
  ↳ db/migrate/20180920130430_devise_create_users.rb:5
  [1m[35m (0.7ms)[0m  [1m[35mCREATE UNIQUE INDEX "index_users_on_email" ON "users" ("email")[0m
  ↳ db/migrate/20180920130430_devise_create_users.rb:39
  [1m[35m (0.5ms)[0m  [1m[35mCREATE UNIQUE INDEX "index_users_on_reset_password_token" ON "users" ("reset_password_token")[0m
  ↳ db/migrate/20180920130430_devise_create_users.rb:40
  [1m[36mActiveRecord::SchemaMigration Create (0.4ms)[0m  [1m[32mINSERT INTO "schema_migrations" ("version") VALUES (?)[0m  [["version", "20180920130430"]]
  ↳ bin/rails:9
  [1m[35m (233.6ms)[0m  [1m[36mcommit transaction[0m
  ↳ bin/rails:9
Migrating to CreateContacts (20180920132032)
  [1m[35m (0.2ms)[0m  [1m[36mbegin transaction[0m
  ↳ bin/rails:9
  [1m[35m (1.1ms)[0m  [1m[35mCREATE TABLE "contacts" ("id" integer PRIMARY KEY AUTOINCREMENT NOT NULL, "first_name" varchar, "last_name" varchar, "phonenumber" varchar, "created_at" datetime NOT NULL, "updated_at" datetime NOT NULL)[0m
  ↳ db/migrate/20180920132032_create_contacts.rb:3
  [1m[36mActiveRecord::SchemaMigration Create (0.4ms)[0m  [1m[32mINSERT INTO "schema_migrations" ("version") VALUES (?)[0m  [["version", "20180920132032"]]
  ↳ bin/rails:9
  [1m[35m (111.3ms)[0m  [1m[36mcommit transaction[0m
  ↳ bin/rails:9
Migrating to AddUserToContact (20180920132335)
  [1m[35m (0.1ms)[0m  [1m[36mbegin transaction[0m
  ↳ bin/rails:9
  [1m[35m (0.7ms)[0m  [1m[35mALTER TABLE "contacts" ADD "user_id" integer[0m
  ↳ db/migrate/20180920132335_add_user_to_contact.rb:3
  [1m[35m (0.4ms)[0m  [1m[35mCREATE  INDEX "index_contacts_on_user_id" ON "contacts" ("user_id")[0m
  ↳ db/migrate/20180920132335_add_user_to_contact.rb:3
  [1m[36mActiveRecord::SchemaMigration Create (0.3ms)[0m  [1m[32mINSERT INTO "schema_migrations" ("version") VALUES (?)[0m  [["version", "20180920132335"]]
  ↳ bin/rails:9
  [1m[35m (114.9ms)[0m  [1m[36mcommit transaction[0m
  ↳ bin/rails:9
  [1m[36mActiveRecord::InternalMetadata Load (0.5ms)[0m  [1m[34mSELECT  "ar_internal_metadata".* FROM "ar_internal_metadata" WHERE "ar_internal_metadata"."key" = ? LIMIT ?[0m  [["key", "environment"], ["LIMIT", 1]]
  ↳ bin/rails:9
  [1m[35m (0.2ms)[0m  [1m[36mbegin transaction[0m
  ↳ bin/rails:9
  [1m[36mActiveRecord::InternalMetadata Create (0.8ms)[0m  [1m[32mINSERT INTO "ar_internal_metadata" ("key", "value", "created_at", "updated_at") VALUES (?, ?, ?, ?)[0m  [["key", "environment"], ["value", "development"], ["created_at", "2018-09-20 13:48:11.646558"], ["updated_at", "2018-09-20 13:48:11.646558"]]
  ↳ bin/rails:9
  [1m[35m (76.0ms)[0m  [1m[36mcommit transaction[0m
  ↳ bin/rails:9
  [1m[35m (0.4ms)[0m  [1m[34mSELECT "schema_migrations"."version" FROM "schema_migrations" ORDER BY "schema_migrations"."version" ASC[0m
  ↳ bin/rails:9
  [1m[35m (0.1ms)[0m  [1m[34mSELECT "schema_migrations"."version" FROM "schema_migrations" ORDER BY "schema_migrations"."version" ASC[0m
  ↳ bin/rails:9
  [1m[35m (0.1ms)[0m  [1m[36mbegin transaction[0m
  ↳ db/seeds.rb:11
  [1m[36mContact Create (0.3ms)[0m  [1m[32mINSERT INTO "contacts" ("first_name", "last_name", "phonenumber", "created_at", "updated_at") VALUES (?, ?, ?, ?, ?)[0m  [["first_name", "Gety"], ["last_name", "orao"], ["phonenumber", "254711906665"], ["created_at", "2018-09-20 13:50:11.050547"], ["updated_at", "2018-09-20 13:50:11.050547"]]
  ↳ db/seeds.rb:11
  [1m[35m (86.6ms)[0m  [1m[36mcommit transaction[0m
  ↳ db/seeds.rb:11
  [1m[35m (0.1ms)[0m  [1m[36mbegin transaction[0m
  ↳ db/seeds.rb:11
  [1m[36mContact Create (0.3ms)[0m  [1m[32mINSERT INTO "contacts" ("first_name", "last_name", "phonenumber", "created_at", "updated_at") VALUES (?, ?, ?, ?, ?)[0m  [["first_name", "Gety"], ["last_name", "orao"], ["phonenumber", "254711906665"], ["created_at", "2018-09-20 13:50:11.141253"], ["updated_at", "2018-09-20 13:50:11.141253"]]
  ↳ db/seeds.rb:11
  [1m[35m (62.8ms)[0m  [1m[36mcommit transaction[0m
  ↳ db/seeds.rb:11
  [1m[35m (0.2ms)[0m  [1m[36mbegin transaction[0m
  ↳ db/seeds.rb:11
  [1m[36mContact Create (0.6ms)[0m  [1m[32mINSERT INTO "contacts" ("first_name", "last_name", "phonenumber", "created_at", "updated_at") VALUES (?, ?, ?, ?, ?)[0m  [["first_name", "Gety"], ["last_name", "orao"], ["phonenumber", "254711906665"], ["created_at", "2018-09-20 13:50:11.211031"], ["updated_at", "2018-09-20 13:50:11.211031"]]
  ↳ db/seeds.rb:11
  [1m[35m (73.8ms)[0m  [1m[36mcommit transaction[0m
  ↳ db/seeds.rb:11
  [1m[35m (0.3ms)[0m  [1m[36mbegin transaction[0m
  ↳ db/seeds.rb:11
  [1m[36mContact Create (0.8ms)[0m  [1m[32mINSERT INTO "contacts" ("first_name", "last_name", "phonenumber", "created_at", "updated_at") VALUES (?, ?, ?, ?, ?)[0m  [["first_name", "Gety"], ["last_name", "orao"], ["phonenumber", "254711906665"], ["created_at", "2018-09-20 13:50:11.290788"], ["updated_at", "2018-09-20 13:50:11.290788"]]
  ↳ db/seeds.rb:11
  [1m[35m (78.9ms)[0m  [1m[36mcommit transaction[0m
  ↳ db/seeds.rb:11
  [1m[35m (0.2ms)[0m  [1m[36mbegin transaction[0m
  ↳ db/seeds.rb:11
  [1m[36mContact Create (0.7ms)[0m  [1m[32mINSERT INTO "contacts" ("first_name", "last_name", "phonenumber", "created_at", "updated_at") VALUES (?, ?, ?, ?, ?)[0m  [["first_name", "Gety"], ["last_name", "orao"], ["phonenumber", "254711906665"], ["created_at", "2018-09-20 13:50:11.376536"], ["updated_at", "2018-09-20 13:50:11.376536"]]
  ↳ db/seeds.rb:11
  [1m[35m (68.1ms)[0m  [1m[36mcommit transaction[0m
  ↳ db/seeds.rb:11
Started GET "/" for 127.0.0.1 at 2018-09-20 16:51:20 +0300
  [1m[35m (0.1ms)[0m  [1m[34mSELECT "schema_migrations"."version" FROM "schema_migrations" ORDER BY "schema_migrations"."version" ASC[0m
  ↳ /home/getty/.rvm/gems/ruby-2.4.1/gems/activerecord-5.2.1/lib/active_record/log_subscriber.rb:98
Processing by Rails::WelcomeController#index as HTML
  Rendering /home/getty/.rvm/gems/ruby-2.4.1/gems/railties-5.2.1/lib/rails/templates/rails/welcome/index.html.erb
  Rendered /home/getty/.rvm/gems/ruby-2.4.1/gems/railties-5.2.1/lib/rails/templates/rails/welcome/index.html.erb (2.5ms)
Completed 200 OK in 17ms (Views: 7.7ms | ActiveRecord: 0.0ms)


Started GET "/contacts" for 127.0.0.1 at 2018-09-20 16:51:28 +0300
Processing by ContactsController#index as HTML
  Rendering contacts/index.html.erb within layouts/application
  Rendered contacts/index.html.erb within layouts/application (2.1ms)
Completed 500 Internal Server Error in 13ms (ActiveRecord: 0.0ms)


  
SyntaxError (/home/getty/code/RailsGirlsCodeChallenge/app/views/contacts/index.html.erb:25: syntax error, unexpected keyword_ensure, expecting keyword_end
          ensure
                ^):
  
app/views/contacts/index.html.erb:25: syntax error, unexpected keyword_ensure, expecting keyword_end
Started GET "/contacts" for 127.0.0.1 at 2018-09-20 16:52:17 +0300
Processing by ContactsController#index as HTML
  Rendering contacts/index.html.erb within layouts/application
  Rendered contacts/index.html.erb within layouts/application (1.6ms)
Completed 500 Internal Server Error in 10ms (ActiveRecord: 0.0ms)


  
SyntaxError (/home/getty/code/RailsGirlsCodeChallenge/app/views/contacts/index.html.erb:25: syntax error, unexpected keyword_ensure, expecting keyword_end
          ensure
                ^):
  
app/views/contacts/index.html.erb:25: syntax error, unexpected keyword_ensure, expecting keyword_end
Started GET "/contacts" for 127.0.0.1 at 2018-09-20 16:53:38 +0300
Processing by ContactsController#index as HTML
  Rendering contacts/index.html.erb within layouts/application
  Rendered contacts/index.html.erb within layouts/application (4.8ms)
Completed 500 Internal Server Error in 14ms (ActiveRecord: 0.0ms)


  
ActionView::Template::Error (undefined method `each' for nil:NilClass):
     9:     </tr>
    10:   </thead>
    11:   <tbody>
    12:     <% @contacts.each do |contact| %>
    13:     <tr>
    14:       <td><%= contact.name %></td>
    15:       <td><% contact.phonenumber %></td>
  
app/views/contacts/index.html.erb:12:in `_app_views_contacts_index_html_erb__4567155025492810398_69942840928700'
Started GET "/contacts" for 127.0.0.1 at 2018-09-20 16:57:30 +0300
Processing by ContactsController#index as HTML
  Rendering contacts/index.html.erb within layouts/application
  [1m[36mContact Load (0.3ms)[0m  [1m[34mSELECT "contacts".* FROM "contacts"[0m
  ↳ app/views/contacts/index.html.erb:12
  Rendered contacts/index.html.erb within layouts/application (21.7ms)
Completed 500 Internal Server Error in 27ms (ActiveRecord: 1.3ms)


  
ActionView::Template::Error (undefined method `name' for #<Contact:0x007f39ac2a7730>):
    11:   <tbody>
    12:     <% @contacts.each do |contact| %>
    13:     <tr>
    14:       <td><%= contact.name %></td>
    15:       <td><% contact.phonenumber %></td>
    16:       <td><%= link_to 'sms'%></td>
    17:       <td><%= link_to 'delete'%></td>
  
app/views/contacts/index.html.erb:14:in `block in _app_views_contacts_index_html_erb__4567155025492810398_69942839653300'
app/views/contacts/index.html.erb:12:in `_app_views_contacts_index_html_erb__4567155025492810398_69942839653300'
Started GET "/contacts" for 127.0.0.1 at 2018-09-20 16:58:10 +0300
Processing by ContactsController#index as HTML
  Rendering contacts/index.html.erb within layouts/application
  [1m[36mContact Load (0.5ms)[0m  [1m[34mSELECT "contacts".* FROM "contacts"[0m
  ↳ app/views/contacts/index.html.erb:12
  Rendered contacts/index.html.erb within layouts/application (10.1ms)
Completed 200 OK in 1899ms (Views: 1894.4ms | ActiveRecord: 0.5ms)


Started GET "/contacts" for 127.0.0.1 at 2018-09-20 16:58:18 +0300
Processing by ContactsController#index as HTML
  Rendering contacts/index.html.erb within layouts/application
  [1m[36mContact Load (0.4ms)[0m  [1m[34mSELECT "contacts".* FROM "contacts"[0m
  ↳ app/views/contacts/index.html.erb:12
  Rendered contacts/index.html.erb within layouts/application (7.7ms)
Completed 200 OK in 43ms (Views: 39.5ms | ActiveRecord: 0.4ms)


Started GET "/contacts" for 127.0.0.1 at 2018-09-20 16:58:19 +0300
Processing by ContactsController#index as HTML
  Rendering contacts/index.html.erb within layouts/application
  [1m[36mContact Load (0.6ms)[0m  [1m[34mSELECT "contacts".* FROM "contacts"[0m
  ↳ app/views/contacts/index.html.erb:12
  Rendered contacts/index.html.erb within layouts/application (6.7ms)
Completed 200 OK in 46ms (Views: 41.3ms | ActiveRecord: 0.6ms)


Started GET "/contacts/new" for 127.0.0.1 at 2018-09-20 16:58:28 +0300
Processing by ContactsController#new as HTML
Completed 406 Not Acceptable in 73ms (ActiveRecord: 0.0ms)


  
ActionController::UnknownFormat (ContactsController#new is missing a template for this request format and variant.

request.formats: ["text/html"]
request.variant: []

NOTE! For XHR/Ajax or API requests, this action would normally respond with 204 No Content: an empty white screen. Since you're loading it in a web browser, we assume that you expected to actually render a template, not nothing, so we're showing an error to be extra-clear. If you expect 204 No Content, carry on. That's what you'll get from an XHR or API request. Give it a shot.):
  
actionpack (5.2.1) lib/action_controller/metal/implicit_render.rb:55:in `default_render'
actionpack (5.2.1) lib/action_controller/metal/basic_implicit_render.rb:6:in `block in send_action'
actionpack (5.2.1) lib/action_controller/metal/basic_implicit_render.rb:6:in `tap'
actionpack (5.2.1) lib/action_controller/metal/basic_implicit_render.rb:6:in `send_action'
actionpack (5.2.1) lib/abstract_controller/base.rb:194:in `process_action'
actionpack (5.2.1) lib/action_controller/metal/rendering.rb:30:in `process_action'
actionpack (5.2.1) lib/abstract_controller/callbacks.rb:42:in `block in process_action'
activesupport (5.2.1) lib/active_support/callbacks.rb:132:in `run_callbacks'
actionpack (5.2.1) lib/abstract_controller/callbacks.rb:41:in `process_action'
actionpack (5.2.1) lib/action_controller/metal/rescue.rb:22:in `process_action'
actionpack (5.2.1) lib/action_controller/metal/instrumentation.rb:34:in `block in process_action'
activesupport (5.2.1) lib/active_support/notifications.rb:168:in `block in instrument'
activesupport (5.2.1) lib/active_support/notifications/instrumenter.rb:23:in `instrument'
activesupport (5.2.1) lib/active_support/notifications.rb:168:in `instrument'
actionpack (5.2.1) lib/action_controller/metal/instrumentation.rb:32:in `process_action'
actionpack (5.2.1) lib/action_controller/metal/params_wrapper.rb:256:in `process_action'
activerecord (5.2.1) lib/active_record/railties/controller_runtime.rb:24:in `process_action'
actionpack (5.2.1) lib/abstract_controller/base.rb:134:in `process'
actionview (5.2.1) lib/action_view/rendering.rb:32:in `process'
actionpack (5.2.1) lib/action_controller/metal.rb:191:in `dispatch'
actionpack (5.2.1) lib/action_controller/metal.rb:252:in `dispatch'
actionpack (5.2.1) lib/action_dispatch/routing/route_set.rb:52:in `dispatch'
actionpack (5.2.1) lib/action_dispatch/routing/route_set.rb:34:in `serve'
actionpack (5.2.1) lib/action_dispatch/journey/router.rb:52:in `block in serve'
actionpack (5.2.1) lib/action_dispatch/journey/router.rb:35:in `each'
actionpack (5.2.1) lib/action_dispatch/journey/router.rb:35:in `serve'
actionpack (5.2.1) lib/action_dispatch/routing/route_set.rb:840:in `call'
warden (1.2.7) lib/warden/manager.rb:36:in `block in call'
warden (1.2.7) lib/warden/manager.rb:35:in `catch'
warden (1.2.7) lib/warden/manager.rb:35:in `call'
rack (2.0.5) lib/rack/tempfile_reaper.rb:15:in `call'
rack (2.0.5) lib/rack/etag.rb:25:in `call'
rack (2.0.5) lib/rack/conditional_get.rb:25:in `call'
rack (2.0.5) lib/rack/head.rb:12:in `call'
actionpack (5.2.1) lib/action_dispatch/http/content_security_policy.rb:18:in `call'
rack (2.0.5) lib/rack/session/abstract/id.rb:232:in `context'
rack (2.0.5) lib/rack/session/abstract/id.rb:226:in `call'
actionpack (5.2.1) lib/action_dispatch/middleware/cookies.rb:670:in `call'
activerecord (5.2.1) lib/active_record/migration.rb:559:in `call'
actionpack (5.2.1) lib/action_dispatch/middleware/callbacks.rb:28:in `block in call'
activesupport (5.2.1) lib/active_support/callbacks.rb:98:in `run_callbacks'
actionpack (5.2.1) lib/action_dispatch/middleware/callbacks.rb:26:in `call'
actionpack (5.2.1) lib/action_dispatch/middleware/executor.rb:14:in `call'
actionpack (5.2.1) lib/action_dispatch/middleware/debug_exceptions.rb:61:in `call'
web-console (3.7.0) lib/web_console/middleware.rb:135:in `call_app'
web-console (3.7.0) lib/web_console/middleware.rb:30:in `block in call'
web-console (3.7.0) lib/web_console/middleware.rb:20:in `catch'
web-console (3.7.0) lib/web_console/middleware.rb:20:in `call'
actionpack (5.2.1) lib/action_dispatch/middleware/show_exceptions.rb:33:in `call'
railties (5.2.1) lib/rails/rack/logger.rb:38:in `call_app'
railties (5.2.1) lib/rails/rack/logger.rb:26:in `block in call'
activesupport (5.2.1) lib/active_support/tagged_logging.rb:71:in `block in tagged'
activesupport (5.2.1) lib/active_support/tagged_logging.rb:28:in `tagged'
activesupport (5.2.1) lib/active_support/tagged_logging.rb:71:in `tagged'
railties (5.2.1) lib/rails/rack/logger.rb:26:in `call'
sprockets-rails (3.2.1) lib/sprockets/rails/quiet_assets.rb:13:in `call'
actionpack (5.2.1) lib/action_dispatch/middleware/remote_ip.rb:81:in `call'
actionpack (5.2.1) lib/action_dispatch/middleware/request_id.rb:27:in `call'
rack (2.0.5) lib/rack/method_override.rb:22:in `call'
rack (2.0.5) lib/rack/runtime.rb:22:in `call'
activesupport (5.2.1) lib/active_support/cache/strategy/local_cache_middleware.rb:29:in `call'
actionpack (5.2.1) lib/action_dispatch/middleware/executor.rb:14:in `call'
actionpack (5.2.1) lib/action_dispatch/middleware/static.rb:127:in `call'
rack (2.0.5) lib/rack/sendfile.rb:111:in `call'
railties (5.2.1) lib/rails/engine.rb:524:in `call'
puma (3.12.0) lib/puma/configuration.rb:225:in `call'
puma (3.12.0) lib/puma/server.rb:658:in `handle_request'
puma (3.12.0) lib/puma/server.rb:472:in `process_client'
puma (3.12.0) lib/puma/server.rb:332:in `block in run'
puma (3.12.0) lib/puma/thread_pool.rb:133:in `block in spawn_thread'
Started GET "/contacts" for 127.0.0.1 at 2018-09-20 16:58:34 +0300
Processing by ContactsController#index as HTML
  Rendering contacts/index.html.erb within layouts/application
  [1m[36mContact Load (0.4ms)[0m  [1m[34mSELECT "contacts".* FROM "contacts"[0m
  ↳ app/views/contacts/index.html.erb:12
  Rendered contacts/index.html.erb within layouts/application (6.6ms)
Completed 200 OK in 34ms (Views: 31.5ms | ActiveRecord: 0.4ms)


Started GET "/contacts" for 127.0.0.1 at 2018-09-20 16:59:11 +0300
Processing by ContactsController#index as HTML
  Rendering contacts/index.html.erb within layouts/application
  [1m[36mContact Load (0.4ms)[0m  [1m[34mSELECT "contacts".* FROM "contacts"[0m
  ↳ app/views/contacts/index.html.erb:12
  Rendered contacts/index.html.erb within layouts/application (8.0ms)
Completed 200 OK in 43ms (Views: 39.5ms | ActiveRecord: 0.4ms)


Started GET "/contacts" for 127.0.0.1 at 2018-09-20 16:59:12 +0300
Processing by ContactsController#index as HTML
  Rendering contacts/index.html.erb within layouts/application
  [1m[36mContact Load (0.5ms)[0m  [1m[34mSELECT "contacts".* FROM "contacts"[0m
  ↳ app/views/contacts/index.html.erb:12
  Rendered contacts/index.html.erb within layouts/application (6.9ms)
Completed 200 OK in 50ms (Views: 46.3ms | ActiveRecord: 0.5ms)


Started GET "/" for 127.0.0.1 at 2018-09-20 17:00:12 +0300
Processing by ContactsController#index as HTML
  Rendering contacts/index.html.erb within layouts/application
  [1m[36mContact Load (0.3ms)[0m  [1m[34mSELECT "contacts".* FROM "contacts"[0m
  ↳ app/views/contacts/index.html.erb:12
  Rendered contacts/index.html.erb within layouts/application (15.0ms)
Completed 200 OK in 37ms (Views: 32.4ms | ActiveRecord: 1.3ms)


Started GET "/" for 127.0.0.1 at 2018-09-20 17:00:14 +0300
Processing by ContactsController#index as HTML
  Rendering contacts/index.html.erb within layouts/application
  [1m[36mContact Load (0.5ms)[0m  [1m[34mSELECT "contacts".* FROM "contacts"[0m
  ↳ app/views/contacts/index.html.erb:12
  Rendered contacts/index.html.erb within layouts/application (8.1ms)
Completed 200 OK in 47ms (Views: 44.3ms | ActiveRecord: 0.5ms)


Started GET "/" for 127.0.0.1 at 2018-09-20 17:00:26 +0300
Processing by ContactsController#index as HTML
  Rendering contacts/index.html.erb within layouts/application
  [1m[36mContact Load (0.5ms)[0m  [1m[34mSELECT "contacts".* FROM "contacts"[0m
  ↳ app/views/contacts/index.html.erb:12
  Rendered contacts/index.html.erb within layouts/application (15.1ms)
Completed 200 OK in 37ms (Views: 32.9ms | ActiveRecord: 1.6ms)


Started GET "/users/sign_in" for 127.0.0.1 at 2018-09-20 17:00:37 +0300
Processing by Devise::SessionsController#new as HTML
  Rendering devise/sessions/new.html.erb within layouts/application
  Rendered devise/shared/_links.html.erb (1.9ms)
  Rendered devise/sessions/new.html.erb within layouts/application (31.9ms)
Completed 200 OK in 97ms (Views: 54.8ms | ActiveRecord: 1.8ms)


Started POST "/users/sign_in" for 127.0.0.1 at 2018-09-20 17:00:51 +0300
Processing by Devise::SessionsController#create as HTML
  Parameters: {"utf8"=>"✓", "authenticity_token"=>"aA+UqtUR6bg7nxBf9P8iBazMyJUxqjl1VjLsToPZpusg6G22xb/NolLbhhSEVVHP57eOcLUpxYhEW9j8QUvmBA==", "user"=>{"email"=>"linda@lee.com", "password"=>"[FILTERED]", "remember_me"=>"0"}, "commit"=>"Log in"}
  [1m[36mUser Load (0.3ms)[0m  [1m[34mSELECT  "users".* FROM "users" WHERE "users"."email" = ? ORDER BY "users"."id" ASC LIMIT ?[0m  [["email", "linda@lee.com"], ["LIMIT", 1]]
  ↳ /home/getty/.rvm/gems/ruby-2.4.1/gems/activerecord-5.2.1/lib/active_record/log_subscriber.rb:98
Completed 401 Unauthorized in 4ms (ActiveRecord: 0.3ms)


Processing by Devise::SessionsController#new as HTML
  Parameters: {"utf8"=>"✓", "authenticity_token"=>"aA+UqtUR6bg7nxBf9P8iBazMyJUxqjl1VjLsToPZpusg6G22xb/NolLbhhSEVVHP57eOcLUpxYhEW9j8QUvmBA==", "user"=>{"email"=>"linda@lee.com", "password"=>"[FILTERED]", "remember_me"=>"0"}, "commit"=>"Log in"}
  Rendering devise/sessions/new.html.erb within layouts/application
  Rendered devise/shared/_links.html.erb (0.9ms)
  Rendered devise/sessions/new.html.erb within layouts/application (3.6ms)
Completed 200 OK in 197ms (Views: 21.8ms | ActiveRecord: 0.0ms)


Started GET "/users/sign_up" for 127.0.0.1 at 2018-09-20 17:00:57 +0300
Processing by Devise::RegistrationsController#new as HTML
  Rendering devise/registrations/new.html.erb within layouts/application
  Rendered devise/shared/_links.html.erb (2.0ms)
  Rendered devise/registrations/new.html.erb within layouts/application (8.8ms)
Completed 200 OK in 45ms (Views: 42.0ms | ActiveRecord: 0.0ms)


Started POST "/users" for 127.0.0.1 at 2018-09-20 17:01:10 +0300
Processing by Devise::RegistrationsController#create as HTML
  Parameters: {"utf8"=>"✓", "authenticity_token"=>"bT5dLqWwQsoAJMLJF4MxqJLD1aPEoWxh/OBSiTXTJe4l2aQytR5m0GlgVIJnKUJi2biTRkAikJzuiWY790FlAQ==", "user"=>{"email"=>"getty@hhh.ttt", "password"=>"[FILTERED]", "password_confirmation"=>"[FILTERED]"}, "commit"=>"Sign up"}
  [1m[35m (0.1ms)[0m  [1m[36mbegin transaction[0m
  ↳ /home/getty/.rvm/gems/ruby-2.4.1/gems/activerecord-5.2.1/lib/active_record/log_subscriber.rb:98
  [1m[36mUser Exists (0.2ms)[0m  [1m[34mSELECT  1 AS one FROM "users" WHERE "users"."email" = ? LIMIT ?[0m  [["email", "getty@hhh.ttt"], ["LIMIT", 1]]
  ↳ /home/getty/.rvm/gems/ruby-2.4.1/gems/activerecord-5.2.1/lib/active_record/log_subscriber.rb:98
  [1m[36mUser Create (0.3ms)[0m  [1m[32mINSERT INTO "users" ("email", "encrypted_password", "created_at", "updated_at") VALUES (?, ?, ?, ?)[0m  [["email", "getty@hhh.ttt"], ["encrypted_password", "$2a$11$/0ch6mOcBhMBiuoaJ73xHuy0.eBrSSMImyCAabtzZv12RYvrkCtX2"], ["created_at", "2018-09-20 14:01:10.459198"], ["updated_at", "2018-09-20 14:01:10.459198"]]
  ↳ /home/getty/.rvm/gems/ruby-2.4.1/gems/activerecord-5.2.1/lib/active_record/log_subscriber.rb:98
  [1m[35m (97.8ms)[0m  [1m[36mcommit transaction[0m
  ↳ /home/getty/.rvm/gems/ruby-2.4.1/gems/activerecord-5.2.1/lib/active_record/log_subscriber.rb:98
Redirected to http://localhost:3000/
Completed 302 Found in 268ms (ActiveRecord: 98.3ms)


Started GET "/" for 127.0.0.1 at 2018-09-20 17:01:10 +0300
Processing by ContactsController#index as HTML
  Rendering contacts/index.html.erb within layouts/application
  [1m[36mContact Load (0.2ms)[0m  [1m[34mSELECT "contacts".* FROM "contacts"[0m
  ↳ app/views/contacts/index.html.erb:12
  Rendered contacts/index.html.erb within layouts/application (3.4ms)
Completed 200 OK in 24ms (Views: 21.7ms | ActiveRecord: 0.2ms)


Started GET "/new_contact" for 127.0.0.1 at 2018-09-20 17:13:54 +0300
  
ActionController::RoutingError (No route matches [GET] "/new_contact"):
  
actionpack (5.2.1) lib/action_dispatch/middleware/debug_exceptions.rb:65:in `call'
web-console (3.7.0) lib/web_console/middleware.rb:135:in `call_app'
web-console (3.7.0) lib/web_console/middleware.rb:30:in `block in call'
web-console (3.7.0) lib/web_console/middleware.rb:20:in `catch'
web-console (3.7.0) lib/web_console/middleware.rb:20:in `call'
actionpack (5.2.1) lib/action_dispatch/middleware/show_exceptions.rb:33:in `call'
railties (5.2.1) lib/rails/rack/logger.rb:38:in `call_app'
railties (5.2.1) lib/rails/rack/logger.rb:26:in `block in call'
activesupport (5.2.1) lib/active_support/tagged_logging.rb:71:in `block in tagged'
activesupport (5.2.1) lib/active_support/tagged_logging.rb:28:in `tagged'
activesupport (5.2.1) lib/active_support/tagged_logging.rb:71:in `tagged'
railties (5.2.1) lib/rails/rack/logger.rb:26:in `call'
sprockets-rails (3.2.1) lib/sprockets/rails/quiet_assets.rb:13:in `call'
actionpack (5.2.1) lib/action_dispatch/middleware/remote_ip.rb:81:in `call'
actionpack (5.2.1) lib/action_dispatch/middleware/request_id.rb:27:in `call'
rack (2.0.5) lib/rack/method_override.rb:22:in `call'
rack (2.0.5) lib/rack/runtime.rb:22:in `call'
activesupport (5.2.1) lib/active_support/cache/strategy/local_cache_middleware.rb:29:in `call'
actionpack (5.2.1) lib/action_dispatch/middleware/executor.rb:14:in `call'
actionpack (5.2.1) lib/action_dispatch/middleware/static.rb:127:in `call'
rack (2.0.5) lib/rack/sendfile.rb:111:in `call'
railties (5.2.1) lib/rails/engine.rb:524:in `call'
puma (3.12.0) lib/puma/configuration.rb:225:in `call'
puma (3.12.0) lib/puma/server.rb:658:in `handle_request'
puma (3.12.0) lib/puma/server.rb:472:in `process_client'
puma (3.12.0) lib/puma/server.rb:332:in `block in run'
puma (3.12.0) lib/puma/thread_pool.rb:133:in `block in spawn_thread'
Started GET "/contacts" for 127.0.0.1 at 2018-09-20 17:14:16 +0300
Processing by ContactsController#index as HTML
  Rendering contacts/index.html.erb within layouts/application
  [1m[36mContact Load (0.5ms)[0m  [1m[34mSELECT "contacts".* FROM "contacts"[0m
  ↳ app/views/contacts/index.html.erb:12
  Rendered contacts/index.html.erb within layouts/application (25.1ms)
Completed 200 OK in 56ms (Views: 48.7ms | ActiveRecord: 3.0ms)


Started GET "/new_contact" for 127.0.0.1 at 2018-09-20 17:14:55 +0300
  
ActionController::RoutingError (No route matches [GET] "/new_contact"):
  
actionpack (5.2.1) lib/action_dispatch/middleware/debug_exceptions.rb:65:in `call'
web-console (3.7.0) lib/web_console/middleware.rb:135:in `call_app'
web-console (3.7.0) lib/web_console/middleware.rb:30:in `block in call'
web-console (3.7.0) lib/web_console/middleware.rb:20:in `catch'
web-console (3.7.0) lib/web_console/middleware.rb:20:in `call'
actionpack (5.2.1) lib/action_dispatch/middleware/show_exceptions.rb:33:in `call'
railties (5.2.1) lib/rails/rack/logger.rb:38:in `call_app'
railties (5.2.1) lib/rails/rack/logger.rb:26:in `block in call'
activesupport (5.2.1) lib/active_support/tagged_logging.rb:71:in `block in tagged'
activesupport (5.2.1) lib/active_support/tagged_logging.rb:28:in `tagged'
activesupport (5.2.1) lib/active_support/tagged_logging.rb:71:in `tagged'
railties (5.2.1) lib/rails/rack/logger.rb:26:in `call'
sprockets-rails (3.2.1) lib/sprockets/rails/quiet_assets.rb:13:in `call'
actionpack (5.2.1) lib/action_dispatch/middleware/remote_ip.rb:81:in `call'
actionpack (5.2.1) lib/action_dispatch/middleware/request_id.rb:27:in `call'
rack (2.0.5) lib/rack/method_override.rb:22:in `call'
rack (2.0.5) lib/rack/runtime.rb:22:in `call'
activesupport (5.2.1) lib/active_support/cache/strategy/local_cache_middleware.rb:29:in `call'
actionpack (5.2.1) lib/action_dispatch/middleware/executor.rb:14:in `call'
actionpack (5.2.1) lib/action_dispatch/middleware/static.rb:127:in `call'
rack (2.0.5) lib/rack/sendfile.rb:111:in `call'
railties (5.2.1) lib/rails/engine.rb:524:in `call'
puma (3.12.0) lib/puma/configuration.rb:225:in `call'
puma (3.12.0) lib/puma/server.rb:658:in `handle_request'
puma (3.12.0) lib/puma/server.rb:472:in `process_client'
puma (3.12.0) lib/puma/server.rb:332:in `block in run'
puma (3.12.0) lib/puma/thread_pool.rb:133:in `block in spawn_thread'
Started GET "/contacts" for 127.0.0.1 at 2018-09-20 17:15:20 +0300
Processing by ContactsController#index as HTML
  Rendering contacts/index.html.erb within layouts/application
  [1m[36mContact Load (0.6ms)[0m  [1m[34mSELECT "contacts".* FROM "contacts"[0m
  ↳ app/views/contacts/index.html.erb:12
  Rendered contacts/index.html.erb within layouts/application (8.3ms)
Completed 200 OK in 41ms (Views: 38.5ms | ActiveRecord: 0.6ms)


Started GET "/contacts/new" for 127.0.0.1 at 2018-09-20 17:15:23 +0300
Processing by ContactsController#new as HTML
  Rendering contacts/new.html.erb within layouts/application
  Rendered contacts/new.html.erb within layouts/application (2.8ms)
Completed 200 OK in 40ms (Views: 37.6ms | ActiveRecord: 0.0ms)


Started POST "/contacts" for 127.0.0.1 at 2018-09-20 17:15:40 +0300
Processing by ContactsController#create as HTML
  Parameters: {"utf8"=>"✓", "authenticity_token"=>"4ovtjYA+7MgdNpi+/1WpZBFldg+8KX3cSgvvvN4fbOLwx30pYMwCDAd9BjKqilrmt9+i3I4Ngw0UNnI3wHqAdQ==", "contact"=>{"first_name"=>"nnkn.las.l", "last_name"=>"ksklks/ans", "phonenumber"=>"7861781235"}, "commit"=>"create"}
  [1m[35m (0.2ms)[0m  [1m[36mbegin transaction[0m
  ↳ app/controllers/contacts_controller.rb:10
  [1m[36mContact Create (0.6ms)[0m  [1m[32mINSERT INTO "contacts" ("first_name", "last_name", "phonenumber", "created_at", "updated_at") VALUES (?, ?, ?, ?, ?)[0m  [["first_name", "nnkn.las.l"], ["last_name", "ksklks/ans"], ["phonenumber", "7861781235"], ["created_at", "2018-09-20 14:15:40.571214"], ["updated_at", "2018-09-20 14:15:40.571214"]]
  ↳ app/controllers/contacts_controller.rb:10
  [1m[35m (115.5ms)[0m  [1m[36mcommit transaction[0m
  ↳ app/controllers/contacts_controller.rb:10
Redirected to http://localhost:3000/contacts
Completed 302 Found in 124ms (ActiveRecord: 116.3ms)


Started GET "/contacts" for 127.0.0.1 at 2018-09-20 17:15:40 +0300
Processing by ContactsController#index as HTML
  Rendering contacts/index.html.erb within layouts/application
  [1m[36mContact Load (0.3ms)[0m  [1m[34mSELECT "contacts".* FROM "contacts"[0m
  ↳ app/views/contacts/index.html.erb:12
  Rendered contacts/index.html.erb within layouts/application (5.0ms)
Completed 200 OK in 46ms (Views: 44.0ms | ActiveRecord: 0.3ms)


Started GET "/contacts" for 127.0.0.1 at 2018-09-20 17:16:12 +0300
Processing by ContactsController#index as HTML
  Rendering contacts/index.html.erb within layouts/application
  [1m[36mContact Load (0.6ms)[0m  [1m[34mSELECT "contacts".* FROM "contacts"[0m
  ↳ app/views/contacts/index.html.erb:12
  Rendered contacts/index.html.erb within layouts/application (8.0ms)
Completed 200 OK in 44ms (Views: 40.8ms | ActiveRecord: 0.6ms)


Started GET "/contacts/new" for 127.0.0.1 at 2018-09-20 17:16:31 +0300
Processing by ContactsController#new as HTML
  Rendering contacts/new.html.erb within layouts/application
  Rendered contacts/new.html.erb within layouts/application (3.6ms)
Completed 200 OK in 44ms (Views: 41.5ms | ActiveRecord: 0.0ms)


Started GET "/contacts/new" for 127.0.0.1 at 2018-09-20 17:17:17 +0300
Processing by ContactsController#new as HTML
  Rendering contacts/new.html.erb within layouts/application
  Rendered contacts/new.html.erb within layouts/application (4.6ms)
Completed 200 OK in 42ms (Views: 39.5ms | ActiveRecord: 0.0ms)


Started POST "/contacts" for 127.0.0.1 at 2018-09-20 17:17:20 +0300
Processing by ContactsController#create as HTML
  Parameters: {"utf8"=>"✓", "authenticity_token"=>"+f7tBGQq/VUDaqI1gsGab8uEz1qs3+rrWEk/9IxTN0AE/Gy5mTj5yf8EqklUQmQZYUohphfktIuTXkZiKK/JpQ==", "contact"=>{"first_name"=>"", "last_name"=>"", "phonenumber"=>""}, "commit"=>"create"}
  [1m[35m (0.3ms)[0m  [1m[36mbegin transaction[0m
  ↳ app/controllers/contacts_controller.rb:10
  [1m[36mContact Create (3.6ms)[0m  [1m[32mINSERT INTO "contacts" ("first_name", "last_name", "phonenumber", "created_at", "updated_at") VALUES (?, ?, ?, ?, ?)[0m  [["first_name", ""], ["last_name", ""], ["phonenumber", ""], ["created_at", "2018-09-20 14:17:20.845614"], ["updated_at", "2018-09-20 14:17:20.845614"]]
  ↳ app/controllers/contacts_controller.rb:10
  [1m[35m (109.6ms)[0m  [1m[36mcommit transaction[0m
  ↳ app/controllers/contacts_controller.rb:10
Redirected to http://localhost:3000/contacts
Completed 302 Found in 123ms (ActiveRecord: 113.5ms)


Started GET "/contacts" for 127.0.0.1 at 2018-09-20 17:17:20 +0300
Processing by ContactsController#index as HTML
  Rendering contacts/index.html.erb within layouts/application
  [1m[36mContact Load (0.3ms)[0m  [1m[34mSELECT "contacts".* FROM "contacts"[0m
  ↳ app/views/contacts/index.html.erb:12
  Rendered contacts/index.html.erb within layouts/application (5.1ms)
Completed 200 OK in 38ms (Views: 35.8ms | ActiveRecord: 0.3ms)


Started GET "/" for 127.0.0.1 at 2018-09-20 17:23:05 +0300
Processing by ContactsController#index as HTML
  Rendering contacts/index.html.erb within layouts/application
  [1m[36mContact Load (0.3ms)[0m  [1m[34mSELECT "contacts".* FROM "contacts"[0m
  ↳ app/views/contacts/index.html.erb:12
  Rendered contacts/index.html.erb within layouts/application (16.8ms)
Completed 200 OK in 45ms (Views: 39.3ms | ActiveRecord: 1.2ms)


Started DELETE "/contacts/7" for 127.0.0.1 at 2018-09-20 17:23:10 +0300
Processing by ContactsController#destroy as HTML
  Parameters: {"authenticity_token"=>"7pbS5QsESy8nvVm1P1bZzWnPA038jGKjfKu/DchnYBQTlFNY9hZPs9vTUcnp1Se7wwHtsUe3PMO3vMabbJue8Q==", "id"=>"7"}
  [1m[36mContact Load (0.3ms)[0m  [1m[34mSELECT  "contacts".* FROM "contacts" WHERE "contacts"."id" = ? LIMIT ?[0m  [["id", 7], ["LIMIT", 1]]
  ↳ app/controllers/contacts_controller.rb:17
  [1m[35m (0.1ms)[0m  [1m[36mbegin transaction[0m
  ↳ app/controllers/contacts_controller.rb:18
  [1m[36mContact Destroy (0.4ms)[0m  [1m[31mDELETE FROM "contacts" WHERE "contacts"."id" = ?[0m  [["id", 7]]
  ↳ app/controllers/contacts_controller.rb:18
  [1m[35m (82.1ms)[0m  [1m[36mcommit transaction[0m
  ↳ app/controllers/contacts_controller.rb:18
Redirected to http://localhost:3000/contacts
Completed 302 Found in 89ms (ActiveRecord: 82.9ms)


Started GET "/contacts" for 127.0.0.1 at 2018-09-20 17:23:10 +0300
Processing by ContactsController#index as HTML
  Rendering contacts/index.html.erb within layouts/application
  [1m[36mContact Load (0.4ms)[0m  [1m[34mSELECT "contacts".* FROM "contacts"[0m
  ↳ app/views/contacts/index.html.erb:12
  Rendered contacts/index.html.erb within layouts/application (7.2ms)
Completed 200 OK in 31ms (Views: 29.4ms | ActiveRecord: 0.4ms)


Started DELETE "/contacts/3" for 127.0.0.1 at 2018-09-20 17:23:13 +0300
Processing by ContactsController#destroy as HTML
  Parameters: {"authenticity_token"=>"C/fVBBKeJZ6f9/Nx3ua32afSU9TU68ZL8PkEHXEB2nv29VS574whAmOZ+w0IZUmvDRy9KG/QmCs77n2L1f0kng==", "id"=>"3"}
  [1m[36mContact Load (0.2ms)[0m  [1m[34mSELECT  "contacts".* FROM "contacts" WHERE "contacts"."id" = ? LIMIT ?[0m  [["id", 3], ["LIMIT", 1]]
  ↳ app/controllers/contacts_controller.rb:17
  [1m[35m (0.1ms)[0m  [1m[36mbegin transaction[0m
  ↳ app/controllers/contacts_controller.rb:18
  [1m[36mContact Destroy (0.4ms)[0m  [1m[31mDELETE FROM "contacts" WHERE "contacts"."id" = ?[0m  [["id", 3]]
  ↳ app/controllers/contacts_controller.rb:18
  [1m[35m (81.6ms)[0m  [1m[36mcommit transaction[0m
  ↳ app/controllers/contacts_controller.rb:18
Redirected to http://localhost:3000/contacts
Completed 302 Found in 89ms (ActiveRecord: 82.3ms)


Started GET "/contacts" for 127.0.0.1 at 2018-09-20 17:23:13 +0300
Processing by ContactsController#index as HTML
  Rendering contacts/index.html.erb within layouts/application
  [1m[36mContact Load (0.2ms)[0m  [1m[34mSELECT "contacts".* FROM "contacts"[0m
  ↳ app/views/contacts/index.html.erb:12
  Rendered contacts/index.html.erb within layouts/application (4.2ms)
Completed 200 OK in 27ms (Views: 25.2ms | ActiveRecord: 0.2ms)


Started DELETE "/contacts/5" for 127.0.0.1 at 2018-09-20 17:23:15 +0300
Processing by ContactsController#destroy as HTML
  Parameters: {"authenticity_token"=>"CiBhuSURyEBpq+v9t7uKP7qNySULvbcpHYXVKywGXPT3IuAE2APM3JXF44FhOHRJEEMn2bCG6UnWkqy9iPqiEQ==", "id"=>"5"}
  [1m[36mContact Load (0.1ms)[0m  [1m[34mSELECT  "contacts".* FROM "contacts" WHERE "contacts"."id" = ? LIMIT ?[0m  [["id", 5], ["LIMIT", 1]]
  ↳ app/controllers/contacts_controller.rb:17
  [1m[35m (0.1ms)[0m  [1m[36mbegin transaction[0m
  ↳ app/controllers/contacts_controller.rb:18
  [1m[36mContact Destroy (0.5ms)[0m  [1m[31mDELETE FROM "contacts" WHERE "contacts"."id" = ?[0m  [["id", 5]]
  ↳ app/controllers/contacts_controller.rb:18
  [1m[35m (94.7ms)[0m  [1m[36mcommit transaction[0m
  ↳ app/controllers/contacts_controller.rb:18
Redirected to http://localhost:3000/contacts
Completed 302 Found in 100ms (ActiveRecord: 95.5ms)


Started GET "/contacts" for 127.0.0.1 at 2018-09-20 17:23:16 +0300
Processing by ContactsController#index as HTML
  Rendering contacts/index.html.erb within layouts/application
  [1m[36mContact Load (0.2ms)[0m  [1m[34mSELECT "contacts".* FROM "contacts"[0m
  ↳ app/views/contacts/index.html.erb:12
  Rendered contacts/index.html.erb within layouts/application (2.8ms)
Completed 200 OK in 23ms (Views: 21.9ms | ActiveRecord: 0.2ms)


Started GET "/contacts" for 127.0.0.1 at 2018-09-20 17:23:17 +0300
Processing by ContactsController#index as HTML
  Rendering contacts/index.html.erb within layouts/application
  [1m[36mContact Load (0.8ms)[0m  [1m[34mSELECT "contacts".* FROM "contacts"[0m
  ↳ app/views/contacts/index.html.erb:12
  Rendered contacts/index.html.erb within layouts/application (7.5ms)
Completed 200 OK in 51ms (Views: 47.7ms | ActiveRecord: 0.8ms)


Started DELETE "/contacts/2" for 127.0.0.1 at 2018-09-20 17:23:56 +0300
Processing by ContactsController#destroy as HTML
  Parameters: {"authenticity_token"=>"uZUlsYt094OUuG4nyOhaSt42DFyCozOHVaLrYCBSPqxEl6QMdmbzH2jWZlsea6Q8dPjioDmYbeeetZL2hK7ASQ==", "id"=>"2"}
  [1m[36mContact Load (0.3ms)[0m  [1m[34mSELECT  "contacts".* FROM "contacts" WHERE "contacts"."id" = ? LIMIT ?[0m  [["id", 2], ["LIMIT", 1]]
  ↳ app/controllers/contacts_controller.rb:17
  [1m[35m (0.1ms)[0m  [1m[36mbegin transaction[0m
  ↳ app/controllers/contacts_controller.rb:18
  [1m[36mContact Destroy (1.8ms)[0m  [1m[31mDELETE FROM "contacts" WHERE "contacts"."id" = ?[0m  [["id", 2]]
  ↳ app/controllers/contacts_controller.rb:18
  [1m[35m (75.3ms)[0m  [1m[36mcommit transaction[0m
  ↳ app/controllers/contacts_controller.rb:18
Redirected to http://localhost:3000/contacts
Completed 302 Found in 86ms (ActiveRecord: 77.5ms)


Started GET "/contacts" for 127.0.0.1 at 2018-09-20 17:23:56 +0300
Processing by ContactsController#index as HTML
  Rendering contacts/index.html.erb within layouts/application
  [1m[36mContact Load (0.2ms)[0m  [1m[34mSELECT "contacts".* FROM "contacts"[0m
  ↳ app/views/contacts/index.html.erb:12
  Rendered contacts/index.html.erb within layouts/application (3.1ms)
Completed 200 OK in 23ms (Views: 21.4ms | ActiveRecord: 0.2ms)


Started DELETE "/contacts/4" for 127.0.0.1 at 2018-09-20 17:24:08 +0300
Processing by ContactsController#destroy as HTML
  Parameters: {"authenticity_token"=>"1P/HiPqOMeH5sel3DCH7fspDFi8NM2MPJZ9IL2Bk2Tsp/UY1B5w1fQXf4QvaogUIYI3407YIPW/uiDG5xJgn3g==", "id"=>"4"}
  [1m[36mContact Load (0.2ms)[0m  [1m[34mSELECT  "contacts".* FROM "contacts" WHERE "contacts"."id" = ? LIMIT ?[0m  [["id", 4], ["LIMIT", 1]]
  ↳ app/controllers/contacts_controller.rb:17
  [1m[35m (0.1ms)[0m  [1m[36mbegin transaction[0m
  ↳ app/controllers/contacts_controller.rb:18
  [1m[36mContact Destroy (0.6ms)[0m  [1m[31mDELETE FROM "contacts" WHERE "contacts"."id" = ?[0m  [["id", 4]]
  ↳ app/controllers/contacts_controller.rb:18
  [1m[35m (82.0ms)[0m  [1m[36mcommit transaction[0m
  ↳ app/controllers/contacts_controller.rb:18
Redirected to http://localhost:3000/contacts
Completed 302 Found in 88ms (ActiveRecord: 82.9ms)


Started GET "/contacts" for 127.0.0.1 at 2018-09-20 17:24:08 +0300
Processing by ContactsController#index as HTML
  Rendering contacts/index.html.erb within layouts/application
  [1m[36mContact Load (0.2ms)[0m  [1m[34mSELECT "contacts".* FROM "contacts"[0m
  ↳ app/views/contacts/index.html.erb:12
  Rendered contacts/index.html.erb within layouts/application (2.0ms)
Completed 200 OK in 24ms (Views: 22.3ms | ActiveRecord: 0.2ms)


Started GET "/contacts" for 127.0.0.1 at 2018-09-20 17:24:31 +0300
Processing by ContactsController#index as HTML
  Rendering contacts/index.html.erb within layouts/application
  [1m[36mContact Load (0.3ms)[0m  [1m[34mSELECT "contacts".* FROM "contacts"[0m
  ↳ app/views/contacts/index.html.erb:12
  Rendered contacts/index.html.erb within layouts/application (4.6ms)
Completed 200 OK in 45ms (Views: 42.0ms | ActiveRecord: 0.3ms)


Started DELETE "/contacts/6" for 127.0.0.1 at 2018-09-20 17:24:33 +0300
Processing by ContactsController#destroy as HTML
  Parameters: {"authenticity_token"=>"So1pe63FpTdMtfqfZj+crZwZZtnc1WENMCCi/avxAkW3j+jGUNehq7Db8uOwvGLbNteIJWfuP237N9trDw38oA==", "id"=>"6"}
  [1m[36mContact Load (0.4ms)[0m  [1m[34mSELECT  "contacts".* FROM "contacts" WHERE "contacts"."id" = ? LIMIT ?[0m  [["id", 6], ["LIMIT", 1]]
  ↳ app/controllers/contacts_controller.rb:17
  [1m[35m (0.2ms)[0m  [1m[36mbegin transaction[0m
  ↳ app/controllers/contacts_controller.rb:18
  [1m[36mContact Destroy (0.6ms)[0m  [1m[31mDELETE FROM "contacts" WHERE "contacts"."id" = ?[0m  [["id", 6]]
  ↳ app/controllers/contacts_controller.rb:18
  [1m[35m (86.0ms)[0m  [1m[36mcommit transaction[0m
  ↳ app/controllers/contacts_controller.rb:18
Redirected to http://localhost:3000/contacts
Completed 302 Found in 98ms (ActiveRecord: 87.2ms)


Started GET "/contacts" for 127.0.0.1 at 2018-09-20 17:24:33 +0300
Processing by ContactsController#index as HTML
  Rendering contacts/index.html.erb within layouts/application
  [1m[36mContact Load (0.3ms)[0m  [1m[34mSELECT "contacts".* FROM "contacts"[0m
  ↳ app/views/contacts/index.html.erb:12
  Rendered contacts/index.html.erb within layouts/application (3.3ms)
Completed 200 OK in 37ms (Views: 34.9ms | ActiveRecord: 0.3ms)


Started DELETE "/contacts/1" for 127.0.0.1 at 2018-09-20 17:24:35 +0300
Processing by ContactsController#destroy as HTML
  Parameters: {"authenticity_token"=>"HPcNDL0c6O3E6vSD7h5J0WJNXQzCxKK1b8sO94rd0KDh9YyxQA7scTiE/P84nbenyIOz8Hn//NWk3HdhLiEuRQ==", "id"=>"1"}
  [1m[36mContact Load (0.2ms)[0m  [1m[34mSELECT  "contacts".* FROM "contacts" WHERE "contacts"."id" = ? LIMIT ?[0m  [["id", 1], ["LIMIT", 1]]
  ↳ app/controllers/contacts_controller.rb:17
  [1m[35m (0.1ms)[0m  [1m[36mbegin transaction[0m
  ↳ app/controllers/contacts_controller.rb:18
  [1m[36mContact Destroy (0.4ms)[0m  [1m[31mDELETE FROM "contacts" WHERE "contacts"."id" = ?[0m  [["id", 1]]
  ↳ app/controllers/contacts_controller.rb:18
  [1m[35m (70.2ms)[0m  [1m[36mcommit transaction[0m
  ↳ app/controllers/contacts_controller.rb:18
Redirected to http://localhost:3000/contacts
Completed 302 Found in 79ms (ActiveRecord: 70.9ms)


Started GET "/contacts" for 127.0.0.1 at 2018-09-20 17:24:35 +0300
Processing by ContactsController#index as HTML
  Rendering contacts/index.html.erb within layouts/application
  [1m[36mContact Load (0.3ms)[0m  [1m[34mSELECT "contacts".* FROM "contacts"[0m
  ↳ app/views/contacts/index.html.erb:12
  Rendered contacts/index.html.erb within layouts/application (3.0ms)
Completed 200 OK in 30ms (Views: 28.5ms | ActiveRecord: 0.3ms)


Started GET "/contacts/new" for 127.0.0.1 at 2018-09-20 17:24:49 +0300
Processing by ContactsController#new as HTML
  Rendering contacts/new.html.erb within layouts/application
  Rendered contacts/new.html.erb within layouts/application (2.7ms)
Completed 200 OK in 36ms (Views: 34.4ms | ActiveRecord: 0.0ms)


Started POST "/contacts" for 127.0.0.1 at 2018-09-20 17:24:54 +0300
Processing by ContactsController#create as HTML
  Parameters: {"utf8"=>"✓", "authenticity_token"=>"KcwEu4OG6M5P7jas3DFBpMD82aQmknlbDhBVqve3o5A7gJQfY3QGClWlqCCJ7rImZkYNdxS2h4pQLcgh6dJPBw==", "contact"=>{"first_name"=>"Joan", "last_name"=>"Castillo", "phonenumber"=>"+228-84-9088936"}, "commit"=>"create"}
  [1m[35m (0.1ms)[0m  [1m[36mbegin transaction[0m
  ↳ app/controllers/contacts_controller.rb:10
  [1m[36mContact Create (0.6ms)[0m  [1m[32mINSERT INTO "contacts" ("first_name", "last_name", "phonenumber", "created_at", "updated_at") VALUES (?, ?, ?, ?, ?)[0m  [["first_name", "Joan"], ["last_name", "Castillo"], ["phonenumber", "+228-84-9088936"], ["created_at", "2018-09-20 14:24:54.185017"], ["updated_at", "2018-09-20 14:24:54.185017"]]
  ↳ app/controllers/contacts_controller.rb:10
  [1m[35m (218.1ms)[0m  [1m[36mcommit transaction[0m
  ↳ app/controllers/contacts_controller.rb:10
Redirected to http://localhost:3000/contacts
Completed 302 Found in 227ms (ActiveRecord: 218.9ms)


Started GET "/contacts" for 127.0.0.1 at 2018-09-20 17:24:54 +0300
Processing by ContactsController#index as HTML
  Rendering contacts/index.html.erb within layouts/application
  [1m[36mContact Load (0.3ms)[0m  [1m[34mSELECT "contacts".* FROM "contacts"[0m
  ↳ app/views/contacts/index.html.erb:12
  Rendered contacts/index.html.erb within layouts/application (2.6ms)
Completed 200 OK in 28ms (Views: 25.9ms | ActiveRecord: 0.3ms)


Started GET "/contacts/new" for 127.0.0.1 at 2018-09-20 17:25:02 +0300
Processing by ContactsController#new as HTML
  Rendering contacts/new.html.erb within layouts/application
  Rendered contacts/new.html.erb within layouts/application (2.4ms)
Completed 200 OK in 28ms (Views: 26.7ms | ActiveRecord: 0.0ms)


Started POST "/contacts" for 127.0.0.1 at 2018-09-20 17:25:05 +0300
Processing by ContactsController#create as HTML
  Parameters: {"utf8"=>"✓", "authenticity_token"=>"6g5uXleaNXd5RGm+wQox680R293Wh/iM99wY8YLgXHf4Qv76t2jbs2MP9zKU1cJpa6sPDuSjBl2p4YV6nIWw4A==", "contact"=>{"first_name"=>"Felicia", "last_name"=>"Jones", "phonenumber"=>"+173-29-4726778"}, "commit"=>"create"}
  [1m[35m (0.1ms)[0m  [1m[36mbegin transaction[0m
  ↳ app/controllers/contacts_controller.rb:10
  [1m[36mContact Create (1.8ms)[0m  [1m[32mINSERT INTO "contacts" ("first_name", "last_name", "phonenumber", "created_at", "updated_at") VALUES (?, ?, ?, ?, ?)[0m  [["first_name", "Felicia"], ["last_name", "Jones"], ["phonenumber", "+173-29-4726778"], ["created_at", "2018-09-20 14:25:05.698066"], ["updated_at", "2018-09-20 14:25:05.698066"]]
  ↳ app/controllers/contacts_controller.rb:10
  [1m[35m (236.6ms)[0m  [1m[36mcommit transaction[0m
  ↳ app/controllers/contacts_controller.rb:10
Redirected to http://localhost:3000/contacts
Completed 302 Found in 246ms (ActiveRecord: 238.5ms)


Started GET "/contacts" for 127.0.0.1 at 2018-09-20 17:25:05 +0300
Processing by ContactsController#index as HTML
  Rendering contacts/index.html.erb within layouts/application
  [1m[36mContact Load (0.3ms)[0m  [1m[34mSELECT "contacts".* FROM "contacts"[0m
  ↳ app/views/contacts/index.html.erb:12
  Rendered contacts/index.html.erb within layouts/application (4.6ms)
Completed 200 OK in 44ms (Views: 41.6ms | ActiveRecord: 0.3ms)


Started GET "/contacts/new" for 127.0.0.1 at 2018-09-20 17:25:07 +0300
Processing by ContactsController#new as HTML
  Rendering contacts/new.html.erb within layouts/application
  Rendered contacts/new.html.erb within layouts/application (2.4ms)
Completed 200 OK in 36ms (Views: 34.5ms | ActiveRecord: 0.0ms)


Started POST "/contacts" for 127.0.0.1 at 2018-09-20 17:25:09 +0300
Processing by ContactsController#create as HTML
  Parameters: {"utf8"=>"✓", "authenticity_token"=>"DERP8m5jDSdwxxqMJbkKKJfvdEEhAtq2QTU6rY4bB0MeCN9WjpHj42qMhABwZvmqMVWgkhMmJGcfCKcmkH7r1A==", "contact"=>{"first_name"=>"Chantale", "last_name"=>"Wooten", "phonenumber"=>"+137-84-5044764"}, "commit"=>"create"}
  [1m[35m (0.2ms)[0m  [1m[36mbegin transaction[0m
  ↳ app/controllers/contacts_controller.rb:10
  [1m[36mContact Create (0.8ms)[0m  [1m[32mINSERT INTO "contacts" ("first_name", "last_name", "phonenumber", "created_at", "updated_at") VALUES (?, ?, ?, ?, ?)[0m  [["first_name", "Chantale"], ["last_name", "Wooten"], ["phonenumber", "+137-84-5044764"], ["created_at", "2018-09-20 14:25:09.317800"], ["updated_at", "2018-09-20 14:25:09.317800"]]
  ↳ app/controllers/contacts_controller.rb:10
  [1m[35m (263.5ms)[0m  [1m[36mcommit transaction[0m
  ↳ app/controllers/contacts_controller.rb:10
Redirected to http://localhost:3000/contacts
Completed 302 Found in 274ms (ActiveRecord: 264.5ms)


Started GET "/contacts" for 127.0.0.1 at 2018-09-20 17:25:09 +0300
Processing by ContactsController#index as HTML
  Rendering contacts/index.html.erb within layouts/application
  [1m[36mContact Load (0.3ms)[0m  [1m[34mSELECT "contacts".* FROM "contacts"[0m
  ↳ app/views/contacts/index.html.erb:12
  Rendered contacts/index.html.erb within layouts/application (3.7ms)
Completed 200 OK in 34ms (Views: 32.2ms | ActiveRecord: 0.3ms)


Started GET "/destroy_user_session" for 127.0.0.1 at 2018-09-20 17:27:56 +0300
  
ActionController::RoutingError (No route matches [GET] "/destroy_user_session"):
  
actionpack (5.2.1) lib/action_dispatch/middleware/debug_exceptions.rb:65:in `call'
web-console (3.7.0) lib/web_console/middleware.rb:135:in `call_app'
web-console (3.7.0) lib/web_console/middleware.rb:30:in `block in call'
web-console (3.7.0) lib/web_console/middleware.rb:20:in `catch'
web-console (3.7.0) lib/web_console/middleware.rb:20:in `call'
actionpack (5.2.1) lib/action_dispatch/middleware/show_exceptions.rb:33:in `call'
railties (5.2.1) lib/rails/rack/logger.rb:38:in `call_app'
railties (5.2.1) lib/rails/rack/logger.rb:26:in `block in call'
activesupport (5.2.1) lib/active_support/tagged_logging.rb:71:in `block in tagged'
activesupport (5.2.1) lib/active_support/tagged_logging.rb:28:in `tagged'
activesupport (5.2.1) lib/active_support/tagged_logging.rb:71:in `tagged'
railties (5.2.1) lib/rails/rack/logger.rb:26:in `call'
sprockets-rails (3.2.1) lib/sprockets/rails/quiet_assets.rb:13:in `call'
actionpack (5.2.1) lib/action_dispatch/middleware/remote_ip.rb:81:in `call'
actionpack (5.2.1) lib/action_dispatch/middleware/request_id.rb:27:in `call'
rack (2.0.5) lib/rack/method_override.rb:22:in `call'
rack (2.0.5) lib/rack/runtime.rb:22:in `call'
activesupport (5.2.1) lib/active_support/cache/strategy/local_cache_middleware.rb:29:in `call'
actionpack (5.2.1) lib/action_dispatch/middleware/executor.rb:14:in `call'
actionpack (5.2.1) lib/action_dispatch/middleware/static.rb:127:in `call'
rack (2.0.5) lib/rack/sendfile.rb:111:in `call'
railties (5.2.1) lib/rails/engine.rb:524:in `call'
puma (3.12.0) lib/puma/configuration.rb:225:in `call'
puma (3.12.0) lib/puma/server.rb:658:in `handle_request'
puma (3.12.0) lib/puma/server.rb:472:in `process_client'
puma (3.12.0) lib/puma/server.rb:332:in `block in run'
puma (3.12.0) lib/puma/thread_pool.rb:133:in `block in spawn_thread'
Started GET "/users/destroy_user_session" for 127.0.0.1 at 2018-09-20 17:28:05 +0300
  
ActionController::RoutingError (No route matches [GET] "/users/destroy_user_session"):
  
actionpack (5.2.1) lib/action_dispatch/middleware/debug_exceptions.rb:65:in `call'
web-console (3.7.0) lib/web_console/middleware.rb:135:in `call_app'
web-console (3.7.0) lib/web_console/middleware.rb:30:in `block in call'
web-console (3.7.0) lib/web_console/middleware.rb:20:in `catch'
web-console (3.7.0) lib/web_console/middleware.rb:20:in `call'
actionpack (5.2.1) lib/action_dispatch/middleware/show_exceptions.rb:33:in `call'
railties (5.2.1) lib/rails/rack/logger.rb:38:in `call_app'
railties (5.2.1) lib/rails/rack/logger.rb:26:in `block in call'
activesupport (5.2.1) lib/active_support/tagged_logging.rb:71:in `block in tagged'
activesupport (5.2.1) lib/active_support/tagged_logging.rb:28:in `tagged'
activesupport (5.2.1) lib/active_support/tagged_logging.rb:71:in `tagged'
railties (5.2.1) lib/rails/rack/logger.rb:26:in `call'
sprockets-rails (3.2.1) lib/sprockets/rails/quiet_assets.rb:13:in `call'
actionpack (5.2.1) lib/action_dispatch/middleware/remote_ip.rb:81:in `call'
actionpack (5.2.1) lib/action_dispatch/middleware/request_id.rb:27:in `call'
rack (2.0.5) lib/rack/method_override.rb:22:in `call'
rack (2.0.5) lib/rack/runtime.rb:22:in `call'
activesupport (5.2.1) lib/active_support/cache/strategy/local_cache_middleware.rb:29:in `call'
actionpack (5.2.1) lib/action_dispatch/middleware/executor.rb:14:in `call'
actionpack (5.2.1) lib/action_dispatch/middleware/static.rb:127:in `call'
rack (2.0.5) lib/rack/sendfile.rb:111:in `call'
railties (5.2.1) lib/rails/engine.rb:524:in `call'
puma (3.12.0) lib/puma/configuration.rb:225:in `call'
puma (3.12.0) lib/puma/server.rb:658:in `handle_request'
puma (3.12.0) lib/puma/server.rb:472:in `process_client'
puma (3.12.0) lib/puma/server.rb:332:in `block in run'
puma (3.12.0) lib/puma/thread_pool.rb:133:in `block in spawn_thread'
Started GET "/contacts" for 127.0.0.1 at 2018-09-20 17:29:15 +0300
Processing by ContactsController#index as HTML
  Rendering contacts/index.html.erb within layouts/application
  [1m[36mContact Load (0.4ms)[0m  [1m[34mSELECT "contacts".* FROM "contacts"[0m
  ↳ app/views/contacts/index.html.erb:13
  Rendered contacts/index.html.erb within layouts/application (4.9ms)
Completed 200 OK in 58ms (Views: 54.4ms | ActiveRecord: 0.4ms)


Started DELETE "/users/sign_out" for 127.0.0.1 at 2018-09-20 17:29:17 +0300
Processing by Devise::SessionsController#destroy as HTML
  Parameters: {"authenticity_token"=>"qMIOjz4A3OwGiPVvqzuEWkt243pMVz3PIDij1Y1XVqVVwI8ywxLYcPrm/RN9uHos4bgNhvdsY6/rL9pDKauoQA=="}
  [1m[36mUser Load (0.3ms)[0m  [1m[34mSELECT  "users".* FROM "users" WHERE "users"."id" = ? ORDER BY "users"."id" ASC LIMIT ?[0m  [["id", 1], ["LIMIT", 1]]
  ↳ /home/getty/.rvm/gems/ruby-2.4.1/gems/activerecord-5.2.1/lib/active_record/log_subscriber.rb:98
Redirected to http://localhost:3000/
Filter chain halted as :verify_signed_out_user rendered or redirected
Completed 302 Found in 18ms (ActiveRecord: 1.2ms)


Started GET "/" for 127.0.0.1 at 2018-09-20 17:29:17 +0300
Processing by ContactsController#index as HTML
  Rendering contacts/index.html.erb within layouts/application
  [1m[36mContact Load (0.2ms)[0m  [1m[34mSELECT "contacts".* FROM "contacts"[0m
  ↳ app/views/contacts/index.html.erb:13
  Rendered contacts/index.html.erb within layouts/application (2.9ms)
Completed 200 OK in 27ms (Views: 25.8ms | ActiveRecord: 0.2ms)


Started DELETE "/users/sign_out" for 127.0.0.1 at 2018-09-20 17:29:19 +0300
Processing by Devise::SessionsController#destroy as HTML
  Parameters: {"authenticity_token"=>"CrTeEOY56wNJNYbgmkoScM3VC+M6x942bI28haNoYi/3tl+tGyvvn7VbjpxMyewGZxvlH4H8gFanmsUTB5Scyg=="}
Redirected to http://localhost:3000/
Filter chain halted as :verify_signed_out_user rendered or redirected
Completed 302 Found in 2ms (ActiveRecord: 0.0ms)


Started GET "/" for 127.0.0.1 at 2018-09-20 17:29:19 +0300
Processing by ContactsController#index as HTML
  Rendering contacts/index.html.erb within layouts/application
  [1m[36mContact Load (0.3ms)[0m  [1m[34mSELECT "contacts".* FROM "contacts"[0m
  ↳ app/views/contacts/index.html.erb:13
  Rendered contacts/index.html.erb within layouts/application (3.3ms)
Completed 200 OK in 36ms (Views: 33.3ms | ActiveRecord: 0.3ms)


Started GET "/users/sign_in" for 127.0.0.1 at 2018-09-20 17:29:26 +0300
Processing by Devise::SessionsController#new as HTML
  Rendering devise/sessions/new.html.erb within layouts/application
  Rendered devise/shared/_links.html.erb (2.8ms)
  Rendered devise/sessions/new.html.erb within layouts/application (12.2ms)
Completed 200 OK in 55ms (Views: 53.1ms | ActiveRecord: 0.0ms)


Started POST "/users/sign_in" for 127.0.0.1 at 2018-09-20 17:29:32 +0300
Processing by Devise::SessionsController#create as HTML
  Parameters: {"utf8"=>"✓", "authenticity_token"=>"MGQyEOZer0dyhxi83E3umj2mt+1AYNUsuuNEDbwXsr7NZrOtG0yr247pEMAKzhDsl2hZEftbi0xx9D2bGOtMWw==", "user"=>{"email"=>"admin@admin.com", "password"=>"[FILTERED]", "remember_me"=>"0"}, "commit"=>"Log in"}
  [1m[36mUser Load (0.4ms)[0m  [1m[34mSELECT  "users".* FROM "users" WHERE "users"."email" = ? ORDER BY "users"."id" ASC LIMIT ?[0m  [["email", "admin@admin.com"], ["LIMIT", 1]]
  ↳ /home/getty/.rvm/gems/ruby-2.4.1/gems/activerecord-5.2.1/lib/active_record/log_subscriber.rb:98
Completed 401 Unauthorized in 4ms (ActiveRecord: 0.4ms)


Processing by Devise::SessionsController#new as HTML
  Parameters: {"utf8"=>"✓", "authenticity_token"=>"MGQyEOZer0dyhxi83E3umj2mt+1AYNUsuuNEDbwXsr7NZrOtG0yr247pEMAKzhDsl2hZEftbi0xx9D2bGOtMWw==", "user"=>{"email"=>"admin@admin.com", "password"=>"[FILTERED]", "remember_me"=>"0"}, "commit"=>"Log in"}
  Rendering devise/sessions/new.html.erb within layouts/application
  Rendered devise/shared/_links.html.erb (0.9ms)
  Rendered devise/sessions/new.html.erb within layouts/application (3.5ms)
Completed 200 OK in 214ms (Views: 23.5ms | ActiveRecord: 0.0ms)


Started GET "/users/sign_up" for 127.0.0.1 at 2018-09-20 17:29:37 +0300
Processing by Devise::RegistrationsController#new as HTML
  Rendering devise/registrations/new.html.erb within layouts/application
  Rendered devise/shared/_links.html.erb (1.8ms)
  Rendered devise/registrations/new.html.erb within layouts/application (9.8ms)
Completed 200 OK in 56ms (Views: 54.1ms | ActiveRecord: 0.0ms)


Started POST "/users" for 127.0.0.1 at 2018-09-20 17:29:41 +0300
Processing by Devise::RegistrationsController#create as HTML
  Parameters: {"utf8"=>"✓", "authenticity_token"=>"V450v++H5839BXBqX9BsEkxyGMLxWck0TD86fRvPb6OqjPUCEpXjUQFreBaJU5Jk5rz2Pkpil1SHKEPrvzORRg==", "user"=>{"email"=>"wakek@tumefuzivaruwi.com", "password"=>"[FILTERED]", "password_confirmation"=>"[FILTERED]"}, "commit"=>"Sign up"}
  [1m[35m (0.1ms)[0m  [1m[36mbegin transaction[0m
  ↳ /home/getty/.rvm/gems/ruby-2.4.1/gems/activerecord-5.2.1/lib/active_record/log_subscriber.rb:98
  [1m[36mUser Exists (0.2ms)[0m  [1m[34mSELECT  1 AS one FROM "users" WHERE "users"."email" = ? LIMIT ?[0m  [["email", "wakek@tumefuzivaruwi.com"], ["LIMIT", 1]]
  ↳ /home/getty/.rvm/gems/ruby-2.4.1/gems/activerecord-5.2.1/lib/active_record/log_subscriber.rb:98
  [1m[36mUser Create (0.3ms)[0m  [1m[32mINSERT INTO "users" ("email", "encrypted_password", "created_at", "updated_at") VALUES (?, ?, ?, ?)[0m  [["email", "wakek@tumefuzivaruwi.com"], ["encrypted_password", "$2a$11$tvU1TsESw9CFYrvgqPujqeikVevg.LZF/P3Alu4rE27U2PhztFulC"], ["created_at", "2018-09-20 14:29:42.148085"], ["updated_at", "2018-09-20 14:29:42.148085"]]
  ↳ /home/getty/.rvm/gems/ruby-2.4.1/gems/activerecord-5.2.1/lib/active_record/log_subscriber.rb:98
  [1m[35m (77.4ms)[0m  [1m[36mcommit transaction[0m
  ↳ /home/getty/.rvm/gems/ruby-2.4.1/gems/activerecord-5.2.1/lib/active_record/log_subscriber.rb:98
Redirected to http://localhost:3000/
Completed 302 Found in 257ms (ActiveRecord: 77.9ms)


Started GET "/" for 127.0.0.1 at 2018-09-20 17:29:42 +0300
Processing by ContactsController#index as HTML
  Rendering contacts/index.html.erb within layouts/application
  [1m[36mContact Load (0.5ms)[0m  [1m[34mSELECT "contacts".* FROM "contacts"[0m
  ↳ app/views/contacts/index.html.erb:13
  Rendered contacts/index.html.erb within layouts/application (7.1ms)
Completed 200 OK in 31ms (Views: 28.4ms | ActiveRecord: 0.5ms)


Started GET "/users/sign_in" for 127.0.0.1 at 2018-09-20 17:29:47 +0300
Processing by Devise::SessionsController#new as HTML
  [1m[36mUser Load (0.4ms)[0m  [1m[34mSELECT  "users".* FROM "users" WHERE "users"."id" = ? ORDER BY "users"."id" ASC LIMIT ?[0m  [["id", 2], ["LIMIT", 1]]
  ↳ /home/getty/.rvm/gems/ruby-2.4.1/gems/activerecord-5.2.1/lib/active_record/log_subscriber.rb:98
Redirected to http://localhost:3000/
Filter chain halted as :require_no_authentication rendered or redirected
Completed 302 Found in 4ms (ActiveRecord: 0.4ms)


Started GET "/" for 127.0.0.1 at 2018-09-20 17:29:47 +0300
Processing by ContactsController#index as HTML
  Rendering contacts/index.html.erb within layouts/application
  [1m[36mContact Load (0.3ms)[0m  [1m[34mSELECT "contacts".* FROM "contacts"[0m
  ↳ app/views/contacts/index.html.erb:13
  Rendered contacts/index.html.erb within layouts/application (5.1ms)
Completed 200 OK in 43ms (Views: 40.5ms | ActiveRecord: 0.3ms)


Started GET "/users/sign_in" for 127.0.0.1 at 2018-09-20 17:29:51 +0300
Processing by Devise::SessionsController#new as HTML
  [1m[36mUser Load (0.5ms)[0m  [1m[34mSELECT  "users".* FROM "users" WHERE "users"."id" = ? ORDER BY "users"."id" ASC LIMIT ?[0m  [["id", 2], ["LIMIT", 1]]
  ↳ /home/getty/.rvm/gems/ruby-2.4.1/gems/activerecord-5.2.1/lib/active_record/log_subscriber.rb:98
Redirected to http://localhost:3000/
Filter chain halted as :require_no_authentication rendered or redirected
Completed 302 Found in 6ms (ActiveRecord: 0.5ms)


Started GET "/users/sign_up" for 127.0.0.1 at 2018-09-20 17:29:53 +0300
Processing by Devise::RegistrationsController#new as HTML
  [1m[36mUser Load (0.5ms)[0m  [1m[34mSELECT  "users".* FROM "users" WHERE "users"."id" = ? ORDER BY "users"."id" ASC LIMIT ?[0m  [["id", 2], ["LIMIT", 1]]
  ↳ /home/getty/.rvm/gems/ruby-2.4.1/gems/activerecord-5.2.1/lib/active_record/log_subscriber.rb:98
Redirected to http://localhost:3000/
Filter chain halted as :require_no_authentication rendered or redirected
Completed 302 Found in 6ms (ActiveRecord: 0.5ms)


Started GET "/" for 127.0.0.1 at 2018-09-20 17:29:53 +0300
Processing by ContactsController#index as HTML
  Rendering contacts/index.html.erb within layouts/application
  [1m[36mContact Load (0.3ms)[0m  [1m[34mSELECT "contacts".* FROM "contacts"[0m
  ↳ app/views/contacts/index.html.erb:13
  Rendered contacts/index.html.erb within layouts/application (3.3ms)
Completed 200 OK in 34ms (Views: 31.8ms | ActiveRecord: 0.3ms)


Started DELETE "/users/sign_out" for 127.0.0.1 at 2018-09-20 17:29:57 +0300
Processing by Devise::SessionsController#destroy as HTML
  Parameters: {"authenticity_token"=>"eIRXyEOLUIs4Vh/pgF7mfDvef3XX91AOU+002Rz85UOFhtZ1vplUF8Q4F5VW3RgKkRCRiWzMDm6Y+k1PuAAbpg=="}
  [1m[36mUser Load (0.2ms)[0m  [1m[34mSELECT  "users".* FROM "users" WHERE "users"."id" = ? ORDER BY "users"."id" ASC LIMIT ?[0m  [["id", 2], ["LIMIT", 1]]
  ↳ /home/getty/.rvm/gems/ruby-2.4.1/gems/activerecord-5.2.1/lib/active_record/log_subscriber.rb:98
  [1m[35m (0.1ms)[0m  [1m[36mbegin transaction[0m
  ↳ /home/getty/.rvm/gems/ruby-2.4.1/gems/activerecord-5.2.1/lib/active_record/log_subscriber.rb:98
  [1m[35m (0.2ms)[0m  [1m[36mcommit transaction[0m
  ↳ /home/getty/.rvm/gems/ruby-2.4.1/gems/activerecord-5.2.1/lib/active_record/log_subscriber.rb:98
Redirected to http://localhost:3000/
Completed 302 Found in 44ms (ActiveRecord: 0.5ms)


Started GET "/" for 127.0.0.1 at 2018-09-20 17:29:57 +0300
Processing by ContactsController#index as HTML
  Rendering contacts/index.html.erb within layouts/application
  [1m[36mContact Load (0.2ms)[0m  [1m[34mSELECT "contacts".* FROM "contacts"[0m
  ↳ app/views/contacts/index.html.erb:13
  Rendered contacts/index.html.erb within layouts/application (2.4ms)
Completed 200 OK in 21ms (Views: 20.1ms | ActiveRecord: 0.2ms)


Started GET "/" for 127.0.0.1 at 2018-09-20 17:30:03 +0300
Processing by ContactsController#index as HTML
  Rendering contacts/index.html.erb within layouts/application
  [1m[36mContact Load (0.4ms)[0m  [1m[34mSELECT "contacts".* FROM "contacts"[0m
  ↳ app/views/contacts/index.html.erb:13
  Rendered contacts/index.html.erb within layouts/application (3.9ms)
Completed 200 OK in 42ms (Views: 38.8ms | ActiveRecord: 0.4ms)


Started GET "/" for 127.0.0.1 at 2018-09-20 17:30:09 +0300
Processing by ContactsController#index as HTML
  Rendering contacts/index.html.erb within layouts/application
  [1m[36mContact Load (1.2ms)[0m  [1m[34mSELECT "contacts".* FROM "contacts"[0m
  ↳ app/views/contacts/index.html.erb:13
  Rendered contacts/index.html.erb within layouts/application (6.4ms)
Completed 200 OK in 45ms (Views: 41.3ms | ActiveRecord: 1.2ms)


Started GET "/users/sign_in" for 127.0.0.1 at 2018-09-20 17:30:13 +0300
Processing by Devise::SessionsController#new as HTML
  Rendering devise/sessions/new.html.erb within layouts/application
  Rendered devise/shared/_links.html.erb (2.5ms)
  Rendered devise/sessions/new.html.erb within layouts/application (9.5ms)
Completed 200 OK in 49ms (Views: 45.5ms | ActiveRecord: 0.0ms)


Started GET "/users/sign_up" for 127.0.0.1 at 2018-09-20 17:30:15 +0300
Processing by Devise::RegistrationsController#new as HTML
  Rendering devise/registrations/new.html.erb within layouts/application
  Rendered devise/shared/_links.html.erb (2.5ms)
  Rendered devise/registrations/new.html.erb within layouts/application (13.9ms)
Completed 200 OK in 55ms (Views: 53.8ms | ActiveRecord: 0.0ms)


Started GET "/users/sign_in" for 127.0.0.1 at 2018-09-20 17:32:57 +0300
Processing by Devise::SessionsController#new as HTML
  Rendering devise/sessions/new.html.erb within layouts/application
  Rendered devise/shared/_links.html.erb (1.2ms)
  Rendered devise/sessions/new.html.erb within layouts/application (4.9ms)
Completed 200 OK in 42ms (Views: 26.4ms | ActiveRecord: 1.0ms)


Started GET "/" for 127.0.0.1 at 2018-09-20 17:32:59 +0300
Processing by ContactsController#index as HTML
Completed 401 Unauthorized in 1ms (ActiveRecord: 0.0ms)


Started GET "/users/sign_in" for 127.0.0.1 at 2018-09-20 17:32:59 +0300
Processing by Devise::SessionsController#new as HTML
  Rendering devise/sessions/new.html.erb within layouts/application
  Rendered devise/shared/_links.html.erb (2.0ms)
  Rendered devise/sessions/new.html.erb within layouts/application (10.4ms)
Completed 200 OK in 59ms (Views: 57.0ms | ActiveRecord: 0.0ms)


Started GET "/" for 127.0.0.1 at 2018-09-20 17:33:04 +0300
Processing by ContactsController#index as HTML
Completed 401 Unauthorized in 1ms (ActiveRecord: 0.0ms)


Started GET "/users/sign_in" for 127.0.0.1 at 2018-09-20 17:33:04 +0300
Processing by Devise::SessionsController#new as HTML
  Rendering devise/sessions/new.html.erb within layouts/application
  Rendered devise/shared/_links.html.erb (4.1ms)
  Rendered devise/sessions/new.html.erb within layouts/application (11.9ms)
Completed 200 OK in 47ms (Views: 43.4ms | ActiveRecord: 0.0ms)


Started GET "/users/sign_up" for 127.0.0.1 at 2018-09-20 17:33:09 +0300
Processing by Devise::RegistrationsController#new as HTML
  Rendering devise/registrations/new.html.erb within layouts/application
  Rendered devise/shared/_links.html.erb (2.2ms)
  Rendered devise/registrations/new.html.erb within layouts/application (7.7ms)
Completed 200 OK in 41ms (Views: 40.0ms | ActiveRecord: 0.0ms)


Started POST "/users" for 127.0.0.1 at 2018-09-20 17:33:13 +0300
Processing by Devise::RegistrationsController#create as HTML
  Parameters: {"utf8"=>"✓", "authenticity_token"=>"iPfVBKJ3mbEtVoJgfKYQLWoxNqoI1RHvWFlGSURqe4SpHZbR7j7HmlhqLjqPy8ns3FJGDmNAD7D8q9UB8TeXAw==", "user"=>{"email"=>"xoxuxako@pyqafewihivujo.com", "password"=>"[FILTERED]", "password_confirmation"=>"[FILTERED]"}, "commit"=>"Sign up"}
  [1m[35m (0.1ms)[0m  [1m[36mbegin transaction[0m
  ↳ /home/getty/.rvm/gems/ruby-2.4.1/gems/activerecord-5.2.1/lib/active_record/log_subscriber.rb:98
  [1m[36mUser Exists (0.2ms)[0m  [1m[34mSELECT  1 AS one FROM "users" WHERE "users"."email" = ? LIMIT ?[0m  [["email", "xoxuxako@pyqafewihivujo.com"], ["LIMIT", 1]]
  ↳ /home/getty/.rvm/gems/ruby-2.4.1/gems/activerecord-5.2.1/lib/active_record/log_subscriber.rb:98
  [1m[36mUser Create (1.9ms)[0m  [1m[32mINSERT INTO "users" ("email", "encrypted_password", "created_at", "updated_at") VALUES (?, ?, ?, ?)[0m  [["email", "xoxuxako@pyqafewihivujo.com"], ["encrypted_password", "$2a$11$mFubhTjTynnMkHGchVzcy.tjkt8JLHzdPBcoileFcNIaW5IVDNeH6"], ["created_at", "2018-09-20 14:33:14.029960"], ["updated_at", "2018-09-20 14:33:14.029960"]]
  ↳ /home/getty/.rvm/gems/ruby-2.4.1/gems/activerecord-5.2.1/lib/active_record/log_subscriber.rb:98
  [1m[35m (80.5ms)[0m  [1m[36mcommit transaction[0m
  ↳ /home/getty/.rvm/gems/ruby-2.4.1/gems/activerecord-5.2.1/lib/active_record/log_subscriber.rb:98
Redirected to http://localhost:3000/
Completed 302 Found in 302ms (ActiveRecord: 82.7ms)


Started GET "/" for 127.0.0.1 at 2018-09-20 17:33:14 +0300
Processing by ContactsController#index as HTML
  [1m[36mUser Load (0.5ms)[0m  [1m[34mSELECT  "users".* FROM "users" WHERE "users"."id" = ? ORDER BY "users"."id" ASC LIMIT ?[0m  [["id", 3], ["LIMIT", 1]]
  ↳ /home/getty/.rvm/gems/ruby-2.4.1/gems/activerecord-5.2.1/lib/active_record/log_subscriber.rb:98
  Rendering contacts/index.html.erb within layouts/application
  [1m[36mContact Load (0.3ms)[0m  [1m[34mSELECT "contacts".* FROM "contacts"[0m
  ↳ app/views/contacts/index.html.erb:13
  Rendered contacts/index.html.erb within layouts/application (26.8ms)
Completed 200 OK in 76ms (Views: 64.5ms | ActiveRecord: 1.8ms)


Started DELETE "/users/sign_out" for 127.0.0.1 at 2018-09-20 17:33:18 +0300
Processing by Devise::SessionsController#destroy as HTML
  Parameters: {"authenticity_token"=>"Kak2REqn2aAP1RxGezOwJ18mtoO/9um47v2T1cZKWjfmwkTK0wbG+uQUnWjMS0YDtIi/80rqNyX36/NDebGoeA=="}
  [1m[36mUser Load (0.5ms)[0m  [1m[34mSELECT  "users".* FROM "users" WHERE "users"."id" = ? ORDER BY "users"."id" ASC LIMIT ?[0m  [["id", 3], ["LIMIT", 1]]
  ↳ /home/getty/.rvm/gems/ruby-2.4.1/gems/activerecord-5.2.1/lib/active_record/log_subscriber.rb:98
  [1m[35m (0.1ms)[0m  [1m[36mbegin transaction[0m
  ↳ /home/getty/.rvm/gems/ruby-2.4.1/gems/activerecord-5.2.1/lib/active_record/log_subscriber.rb:98
  [1m[35m (0.1ms)[0m  [1m[36mcommit transaction[0m
  ↳ /home/getty/.rvm/gems/ruby-2.4.1/gems/activerecord-5.2.1/lib/active_record/log_subscriber.rb:98
Redirected to http://localhost:3000/
Completed 302 Found in 18ms (ActiveRecord: 0.7ms)


Started GET "/" for 127.0.0.1 at 2018-09-20 17:33:18 +0300
Processing by ContactsController#index as HTML
Completed 401 Unauthorized in 1ms (ActiveRecord: 0.0ms)


Started GET "/users/sign_in" for 127.0.0.1 at 2018-09-20 17:33:18 +0300
Processing by Devise::SessionsController#new as HTML
  Rendering devise/sessions/new.html.erb within layouts/application
  Rendered devise/shared/_links.html.erb (3.5ms)
  Rendered devise/sessions/new.html.erb within layouts/application (10.9ms)
Completed 200 OK in 65ms (Views: 62.4ms | ActiveRecord: 0.0ms)


